[crawl-bbfb] sets total=3300 todo=3300 | apiCalls so far=807 budget=130000
Loading existing cardhedge ids...(node:411923) Warning: SECURITY WARNING: The SSL modes 'prefer', 'require', and 'verify-ca' are treated as aliases for 'verify-full'.
In the next major version (pg-connection-string v3.0.0 and pg v9.0.0), these modes will adopt standard libpq semantics, which have weaker security guarantees.

To prepare for this change:
- If you want the current behavior, explicitly use 'sslmode=verify-full'
- If you want libpq compatibility now, use 'uselibpqcompat=true&sslmode=require'

See https://www.postgresql.org/docs/current/libpq-ssl.html for libpq SSL mode definitions.
(Use `node --trace-warnings ...` to show where the warning was created)
 448,474
[WARN] slice still capped beyond 2x: "2024 Panini Prizm Football" search="null" expect=28055
[WARN] slice still capped beyond 2x: "2025 Panini Prizm Football" search="null" expect=33261
[WARN] slice still capped beyond 2x: "2025 Topps Chrome Football" search="null" expect=37286
[WARN] slice still capped beyond 2x: "2025 Topps Chrome Basketball" search="null" expect=29936
[1/3300] "2024 Panini Prizm Football" +84674 | rows=114,974 calls=4,032 | 6.7min
[2/3300] "2025 Panini Prizm Football" +98602 | rows=128,902 calls=4,377 | 7.7min
[WARN] slice still capped beyond 2x: "2024 Donruss Optic Basketball" search="null" expect=27329
[3/3300] "2025 Topps Chrome Football" +113581 | rows=143,881 calls=5,005 | 9.0min
[WARN] slice still capped beyond 2x: "2025 Bowman Basketball" search="null" expect=26931
[WARN] slice still capped beyond 2x: "2024 Panini Prizm Basketball" search="null" expect=26915
[4/3300] "2025 Topps Chrome Basketball" +152087 | rows=182,387 calls=6,306 | 12.2min
[WARN] slice still capped beyond 2x: "2025 Topps Basketball" search="null" expect=26655
[5/3300] "2024 Donruss Optic Basketball" +96833 | rows=211,807 calls=7,446 | 14.7min
[6/3300] "2025 Bowman Basketball" +111375 | rows=240,277 calls=8,016 | 16.2min
[WARN] slice still capped beyond 2x: "2023 Panini Prizm Football" search="null" expect=25417
[WARN] slice still capped beyond 2x: "2024 Panini Select Basketball" search="null" expect=24288
[7/3300] "2024 Panini Prizm Basketball" +143211 | rows=287,092 calls=9,400 | 19.4min
[8/3300] "2025 Topps Basketball" +110175 | rows=292,562 calls=9,676 | 20.1min
[WARN] slice still capped beyond 2x: "2025 Panini Mosaic Football" search="null" expect=23482
[WARN] slice still capped beyond 2x: "2024 Panini Mosaic Basketball" search="null" expect=23387
[9/3300] "2023 Panini Prizm Football" +117439 | rows=329,246 calls=10,588 | 21.8min
[10/3300] "2024 Panini Select Basketball" +89771 | rows=330,048 calls=10,633 | 21.9min
[WARN] slice still capped beyond 2x: "2025 Panini Phoenix Football" search="null" expect=22877
[WARN] slice still capped beyond 2x: "2023 Panini Prizm Basketball" search="null" expect=23386
[11/3300] "2025 Panini Phoenix Football" +66447 | rows=396,495 calls=12,890 | 27.2min
[12/3300] "2024 Panini Mosaic Basketball" +105537 | rows=398,099 calls=12,970 | 27.8min
[13/3300] "2025 Panini Mosaic Football" +118677 | rows=405,769 calls=13,143 | 28.1min
[14/3300] "2023 Panini Prizm Basketball" +103812 | rows=433,058 calls=13,753 | 29.1min
[WARN] slice still capped beyond 2x: "2023 Panini Phoenix Basketball" search="null" expect=20717
[WARN] slice still capped beyond 2x: "2025 Panini Select Football" search="null" expect=22741
[15/3300] "2023 Panini Phoenix Basketball" +88877 | rows=486,976 calls=15,349 | 32.6min
[16/3300] "2024 Panini Select Football" +102953 | rows=508,722 calls=15,938 | 33.7min
[17/3300] "2025 Panini Select Football" +119017 | rows=515,512 calls=16,190 | 34.2min
[18/3300] "2022 Panini Mosaic Football" +106257 | rows=539,315 calls=16,805 | 35.3min
[MV refresh periodic] start 2026-07-09T22:09:43.389Z
[MV err] no empty local buffer available
[19/3300] "2024 Panini Hoops Basketball" +84548 | rows=571,524 calls=18,054 | 37.9min
[MV refresh periodic] start 2026-07-09T22:12:16.537Z
[MV refresh periodic] done 2026-07-09T22:12:36.811Z
[20/3300] "2024 Panini Mosaic Football" +81547 | rows=597,059 calls=19,245 | 40.1min
[21/3300] "2024 Panini Donruss Basketball" +93890 | rows=602,612 calls=19,415 | 40.4min
[22/3300] "2022 Panini Prizm Basketball" +83499 | rows=622,814 calls=19,878 | 41.3min
[23/3300] "2022 Panini Select Basketball" +76606 | rows=648,130 calls=20,864 | 43.3min
[24/3300] "2025 Donruss Optic Football" +51237 | rows=648,296 calls=20,874 | 43.3min
[25/3300] "2023 Panini Mosaic Basketball" +81885 | rows=684,497 calls=21,939 | 46.1min
[26/3300] "2024 Panini Score Football" +57444 | rows=705,740 calls=22,336 | 46.9min
[27/3300] "2025 Topps Signature Class Football" +84295 | rows=707,109 calls=22,406 | 47.0min
[28/3300] "2025 Panini Score Football" +30449 | rows=736,189 calls=23,732 | 49.1min
[29/3300] "2022 Donruss Optic Basketball" +96742 | rows=744,872 calls=23,978 | 49.4min
[30/3300] "2024 Topps Chrome Football" +66347 | rows=750,844 calls=24,110 | 49.8min
[31/3300] "2025 Panini Donruss Basketball" +45952 | rows=753,061 calls=24,147 | 49.9min
[32/3300] "2023 Panini Select Basketball" +59935 | rows=796,124 calls=26,009 | 55.3min
[33/3300] "2025 Topps NBA Hoops Basketball" +53971 | rows=798,843 calls=26,065 | 55.5min
[34/3300] "2024 Panini Prestige Football" +71030 | rows=824,091 calls=26,431 | 56.1min
[35/3300] "2023 Donruss Optic Football" +40673 | rows=839,516 calls=27,414 | 57.8min
[36/3300] "2024 Topps Finest Basketball" +54973 | rows=851,097 calls=28,307 | 59.8min
[37/3300] "2025 Topps Finest Basketball" +38635 | rows=862,726 calls=28,969 | 61.1min
[38/3300] "2023 Topps Composite Football" +123366 | rows=874,210 calls=29,965 | 63.8min
[39/3300] "2025 Bowman Chrome University Football" +38028 | rows=877,544 calls=30,111 | 64.0min
[40/3300] "2024 Topps Chrome Basketball" +42010 | rows=893,107 calls=30,370 | 64.7min
[41/3300] "2025 Panini Prizm Draft Picks Football" +42621 | rows=905,347 calls=30,712 | 65.1min
[42/3300] "2025 Panini Revolution Football" +44713 | rows=922,257 calls=31,453 | 66.8min
[43/3300] "2022 Panini Spectra Football" +54695 | rows=928,905 calls=31,653 | 67.1min
[44/3300] "2025 Panini Select EuroLeague Basketball" +48628 | rows=941,735 calls=31,963 | 68.1min
[45/3300] "2024 Panini Donruss Football" +39237 | rows=944,584 calls=32,064 | 68.7min
[46/3300] "2024 Panini Absolute Football" +56358 | rows=978,615 calls=33,003 | 71.1min
[47/3300] "2022 Panini Chronicles Basketball" +48726 | rows=990,461 calls=33,804 | 73.0min
[48/3300] "2023 Panini Donruss Football" +54984 | rows=999,568 calls=34,066 | 73.3min
[49/3300] "2024 Panini Phoenix Football" +33805 | rows=1,012,420 calls=34,320 | 73.9min
[50/3300] "2023 Panini Donruss Basketball" +84504 | rows=1,013,409 calls=34,364 | 74.0min
[51/3300] "2025 Panini Select WNBA Basketball" +16338 | rows=1,028,758 calls=34,636 | 74.9min
[52/3300] "2024 Panini Prizm Black Basketball" +35671 | rows=1,049,080 calls=34,958 | 75.6min
[53/3300] "2023 Panini Spectra Football" +29231 | rows=1,057,989 calls=35,096 | 75.9min
[54/3300] "2022 Panini Hoops Basketball" +75924 | rows=1,066,385 calls=35,275 | 76.1min
[55/3300] "2022 Panini Prizm Draft Picks Basketball" +20193 | rows=1,069,273 calls=35,320 | 76.2min
[56/3300] "2025 Topps Finest Football" +28266 | rows=1,086,255 calls=35,495 | 76.7min
[MV refresh periodic] start 2026-07-09T22:51:04.481Z
[57/3300] "2025 Topps Signature Class Basketball" +32054 | rows=1,098,439 calls=35,615 | 76.9min
[58/3300] "2023 Panini Prizm Draft Picks Basketball" +32162 | rows=1,101,435 calls=35,647 | 76.9min
[59/3300] "2023 Panini Hoops Basketball" +105486 | rows=1,105,054 calls=35,690 | 77.0min
[60/3300] "2025 Donruss Elite Football" +29768 | rows=1,116,023 calls=35,787 | 77.1min
[61/3300] "2023 Panini Obsidian Basketball" +37415 | rows=1,135,854 calls=35,954 | 77.3min
[62/3300] "2024 Panini Prizm Draft Picks Basketball" +35421 | rows=1,136,856 calls=35,965 | 77.3min
[MV refresh periodic] done 2026-07-09T22:51:41.062Z
[63/3300] "2024 Panini Totally Certified Football" +35761 | rows=1,140,815 calls=36,011 | 77.3min
[64/3300] "2023 Donruss Elite Basketball" +35309 | rows=1,151,332 calls=36,123 | 77.7min
[65/3300] "2025 Panini Prizm WNBA Basketball" +24036 | rows=1,160,892 calls=36,210 | 77.9min
[66/3300] "2024 Bowman Best University Basketball" +28406 | rows=1,164,260 calls=36,239 | 78.0min
[67/3300] "2024 Panini Revolution Basketball" +43000 | rows=1,183,815 calls=36,395 | 78.2min
[68/3300] "2023 Topps Chrome Basketball" +39460 | rows=1,190,792 calls=36,452 | 78.3min
[69/3300] "2022 Panini Chronicles Draft Picks Basketball" +35237 | rows=1,196,129 calls=36,501 | 78.3min
[70/3300] "2023 Panini Obsidian Football" +42887 | rows=1,207,147 calls=36,587 | 78.4min
[71/3300] "2024 Donruss Elite Football" +29690 | rows=1,213,505 calls=36,644 | 78.8min
[72/3300] "2022 Panini Obsidian Basketball" +27898 | rows=1,235,045 calls=36,812 | 79.0min
[73/3300] "2025 Panini Absolute Football" +46065 | rows=1,236,857 calls=36,828 | 79.0min
[74/3300] "2023 Panini Mosaic Football" +47004 | rows=1,243,133 calls=36,874 | 79.1min
[75/3300] "2024 Panini Select WNBA Basketball" +34615 | rows=1,248,120 calls=36,915 | 79.1min
[76/3300] "2022 Panini Donruss Basketball" +32273 | rows=1,267,318 calls=37,097 | 80.0min
[77/3300] "2022 Donruss Elite Basketball" +31384 | rows=1,268,241 calls=37,108 | 80.1min
[78/3300] "2024 Bowman Chrome University Basketball" +28278 | rows=1,271,411 calls=37,146 | 80.1min
[79/3300] "2025 Panini Prizm Black Football" +32535 | rows=1,280,655 calls=37,243 | 80.2min
[80/3300] "2025 Topps Three Basketball" +24360 | rows=1,295,771 calls=37,406 | 80.8min
[81/3300] "2024 Panini Obsidian Basketball" +15571 | rows=1,296,226 calls=37,411 | 80.8min
[82/3300] "2025 Bowman Mega Box Basketball" +34227 | rows=1,302,468 calls=37,464 | 80.9min
[83/3300] "2024 Panini Totally Certified Basketball" +35949 | rows=1,303,267 calls=37,472 | 80.9min
[84/3300] "2018 Panini Donruss Basketball" +26025 | rows=1,321,796 calls=37,616 | 81.1min
[85/3300] "2023 Panini Illusions Football" +30859 | rows=1,327,085 calls=37,663 | 81.1min
[86/3300] "2025 Bowman Best University Basketball" +29530 | rows=1,331,998 calls=37,706 | 81.2min
[87/3300] "2021 Panini Prizm Basketball" +29383 | rows=1,332,650 calls=37,714 | 81.2min
[88/3300] "2025 Topps Midnight Basketball" +23440 | rows=1,345,236 calls=37,850 | 81.9min
[89/3300] "2024 Bowman Chrome University Football" +23037 | rows=1,355,687 calls=37,939 | 82.0min
[90/3300] "2020 Panini Illusions Basketball" +33356 | rows=1,360,441 calls=37,987 | 82.1min
[91/3300] "2025 Topps Cosmic Chrome Basketball" +28443 | rows=1,360,441 calls=37,987 | 82.1min
[92/3300] "2023 Panini Recon Basketball" +26993 | rows=1,372,229 calls=38,089 | 82.2min
[93/3300] "2024 Panini Prizm WNBA Basketball" +25661 | rows=1,381,348 calls=38,171 | 82.3min
[94/3300] "2017 Panini Donruss Basketball" +29804 | rows=1,390,245 calls=38,254 | 82.8min
[95/3300] "2022 Panini Recon Basketball" +13571 | rows=1,394,919 calls=38,292 | 82.8min
[96/3300] "2023 Panini Prizm Deca Basketball" +24552 | rows=1,396,781 calls=38,309 | 82.8min
[97/3300] "2025 Topps Cosmic Chrome Football" +38720 | rows=1,399,161 calls=38,335 | 82.9min
[98/3300] "2023 Panini Zenith Football" +21950 | rows=1,412,195 calls=38,439 | 83.0min
[99/3300] "2024 Donruss Turkish Airlines EuroLeague Basketball" +23091 | rows=1,418,010 calls=38,492 | 83.1min
[100/3300] "2019 Panini Prizm Basketball" +24280 | rows=1,421,061 calls=38,520 | 83.1min
[101/3300] "2024 Panini Prizm Deca Football" +24093 | rows=1,423,254 calls=38,542 | 83.1min
[102/3300] "2025 Topps Motif Basketball" +20779 | rows=1,432,974 calls=38,637 | 83.7min
[103/3300] "2024 Panini Origins Football" +19309 | rows=1,440,370 calls=38,708 | 84.0min
[104/3300] "2024 Topps Chrome McDonald's All American Basketball" +26991 | rows=1,445,001 calls=38,752 | 84.0min
[105/3300] "2025 Topps Chrome McDonald's All American Basketball" +13621 | rows=1,446,595 calls=38,772 | 84.1min
[106/3300] "2025 Bowman Best University Football" +23999 | rows=1,447,253 calls=38,779 | 84.1min
[107/3300] "2024 Panini Prizm Turkish Airlines EuroLeague Basketball" +20311 | rows=1,460,681 calls=38,906 | 84.2min
[108/3300] "2025 Panini PhotoGenic Football" +20741 | rows=1,465,742 calls=38,958 | 84.7min
[109/3300] "2023 Panini Revolution Basketball" +20641 | rows=1,467,236 calls=38,973 | 84.7min
[110/3300] "2025 Panini Rookies & Stars Football" +21254 | rows=1,468,507 calls=38,989 | 84.7min
[111/3300] "2023 Panini Flawless Basketball" +20191 | rows=1,480,872 calls=39,107 | 84.8min
[112/3300] "2023 Topps Cosmic Chrome Basketball" +16685 | rows=1,482,427 calls=39,127 | 84.9min
[113/3300] "2025 Topps Holiday Basketball" +18819 | rows=1,486,055 calls=39,167 | 84.9min
[114/3300] "2014 Panini Excalibur Basketball" +17729 | rows=1,486,236 calls=39,167 | 84.9min
[115/3300] "2025 Panini Donruss WNBA Basketball" +18184 | rows=1,499,056 calls=39,297 | 85.7min
[116/3300] "2025 Topps Chrome Black Football" +18899 | rows=1,505,135 calls=39,355 | 85.9min
[117/3300] "2024 Panini Prizm Deca Basketball" +23447 | rows=1,505,874 calls=39,364 | 85.9min
[118/3300] "2024 Panini Encore Football" +10770 | rows=1,509,826 calls=39,394 | 85.9min
[119/3300] "2023 Panini Crown Royale Basketball" +26761 | rows=1,512,816 calls=39,414 | 85.9min
[120/3300] "2023 Panini Origins Football" +23030 | rows=1,528,165 calls=39,526 | 86.1min
[121/3300] "2023 Panini Prizm Turkish Airlines EuroLeague Basketball" +23540 | rows=1,529,414 calls=39,537 | 86.1min
[122/3300] "2023 Panini Contenders Basketball" +21595 | rows=1,531,421 calls=39,557 | 86.1min
[123/3300] "2025 Panini Certified Football" +26252 | rows=1,539,068 calls=39,630 | 86.2min
[124/3300] "2025 Topps Chrome Sapphire Football" +16384 | rows=1,545,798 calls=39,691 | 86.4min
[125/3300] "2023 Panini Limited Football" +17688 | rows=1,545,853 calls=39,692 | 86.4min
[126/3300] "2023 Panini Prizm WNBA Basketball" +19982 | rows=1,551,403 calls=39,745 | 86.7min
[127/3300] "2024 Panini Illusions Football" +22340 | rows=1,561,408 calls=39,821 | 86.8min
[128/3300] "2023 Donruss Turkish Airlines EuroLeague Basketball" +19000 | rows=1,564,853 calls=39,851 | 86.8min
[129/3300] "2023 Topps Chrome McDonald's All American Basketball" +20930 | rows=1,566,728 calls=39,867 | 86.9min
[130/3300] "2023 Donruss Elite Football" +18982 | rows=1,570,385 calls=39,893 | 86.9min
[131/3300] "2024 Panini PhotoGenic Basketball" +19295 | rows=1,580,703 calls=39,971 | 87.0min
[132/3300] "2023 Panini Court Kings Basketball" +19041 | rows=1,583,894 calls=39,996 | 87.0min
[133/3300] "2022 Panini Origins Basketball" +18331 | rows=1,585,059 calls=40,005 | 87.0min
[134/3300] "2022 Topps Chrome McDonald's All American Basketball" +17792 | rows=1,588,177 calls=40,030 | 87.0min
[135/3300] "2023 Panini Score Football" +16563 | rows=1,597,266 calls=40,108 | 87.1min
[136/3300] "2024 Panini Prizm Monopoly Basketball" +16261 | rows=1,600,155 calls=40,138 | 87.1min
[137/3300] "2021 Panini Court Kings Basketball" +15147 | rows=1,600,206 calls=40,138 | 87.1min
[138/3300] "2025 Topps Chrome Sapphire Basketball" +14453 | rows=1,602,630 calls=40,157 | 87.1min
[139/3300] "2024 Panini Origins Basketball" +16203 | rows=1,613,469 calls=40,227 | 87.2min
[140/3300] "2023 Panini Luminance Football" +18959 | rows=1,619,165 calls=40,266 | 87.3min
[141/3300] "2023 Panini Prizm Monopoly Basketball" +19215 | rows=1,619,370 calls=40,269 | 87.3min
[142/3300] "2022 Panini Court Kings Basketball" +18399 | rows=1,621,029 calls=40,283 | 87.3min
[143/3300] "2024 Panini Obsidian Football" +15343 | rows=1,628,812 calls=40,350 | 87.6min
[144/3300] "2023 Panini Clearly Donruss Football" +12095 | rows=1,631,260 calls=40,369 | 87.7min
[145/3300] "2025 Topps Chrome Cactus Jack Basketball" +8188 | rows=1,637,000 calls=40,427 | 87.8min
[146/3300] "2024 Panini Prizm Monopoly WNBA Basketball" +21314 | rows=1,640,684 calls=40,464 | 87.8min
[MV refresh periodic] start 2026-07-09T23:02:10.809Z
[147/3300] "2024 Panini Court Kings Basketball" +9424 | rows=1,640,684 calls=40,464 | 87.8min
[148/3300] "2024 Panini Zenith Football" +24695 | rows=1,645,724 calls=40,511 | 87.9min
[149/3300] "2025 Topps Inception Basketball" +11084 | rows=1,648,084 calls=40,535 | 87.9min
[150/3300] "2019 Panini Absolute Football" +8448 | rows=1,649,132 calls=40,547 | 87.9min
[151/3300] "1999 Pacific Football" +9574 | rows=1,658,706 calls=40,632 | 88.0min
[152/3300] "2025 Bowman Chrome Sapphire Basketball" +13636 | rows=1,659,360 calls=40,640 | 88.0min
[153/3300] "2021 Panini Mosaic Basketball" +19852 | rows=1,660,536 calls=40,649 | 88.1min
[154/3300] "2024 Topps Inception Basketball" +13481 | rows=1,661,565 calls=40,659 | 88.1min
[155/3300] "2025 Panini Origins EuroLeague Basketball" +14082 | rows=1,672,788 calls=40,746 | 88.2min
[156/3300] "2025 Panini Contenders EuroLeague Basketball" +13523 | rows=1,672,883 calls=40,747 | 88.2min
[157/3300] "2023 Panini PhotoGenic Basketball" +13913 | rows=1,674,449 calls=40,760 | 88.2min
[158/3300] "2023 Panini Legacy Football" +14240 | rows=1,675,805 calls=40,774 | 88.2min
[159/3300] "2018 Panini Court Kings Basketball" +12891 | rows=1,685,679 calls=40,855 | 88.3min
[160/3300] "2024 Panini Noir Basketball" +13277 | rows=1,686,160 calls=40,863 | 88.3min
[MV refresh periodic] done 2026-07-09T23:02:43.127Z
[161/3300] "2025 Panini Origins Football" +12421 | rows=1,688,226 calls=40,883 | 88.4min
[162/3300] "2018 Panini Prizm Basketball" +13915 | rows=1,688,364 calls=40,885 | 88.4min
[163/3300] "2025 Panini Luminance Football" +7994 | rows=1,694,154 calls=40,939 | 88.7min
[164/3300] "2023 Panini Impeccable Football" +6855 | rows=1,695,219 calls=40,949 | 88.7min
[165/3300] "2023 Panini One and One Basketball" +7223 | rows=1,701,377 calls=41,004 | 88.8min
[166/3300] "2023 Topps Chrome Sapphire Basketball" +8010 | rows=1,703,229 calls=41,022 | 88.8min
[167/3300] "2019 Panini Origins Football" +18939 | rows=1,704,618 calls=41,036 | 88.8min
[168/3300] "2024 Topps Chrome Sapphire Basketball" +19665 | rows=1,707,891 calls=41,066 | 88.8min
[169/3300] "2024 Topps G-League Basketball" +9736 | rows=1,711,113 calls=41,094 | 88.8min
[170/3300] "2019 Panini Obsidian Football" +10160 | rows=1,713,389 calls=41,111 | 88.9min
[171/3300] "2019 Panini Chronicles Basketball" +11535 | rows=1,716,153 calls=41,133 | 88.9min
[172/3300] "2023 Topps G-League Basketball" +10555 | rows=1,718,446 calls=41,156 | 88.9min
[173/3300] "2025 Bowman Chrome University Sapphire Football" +10927 | rows=1,722,040 calls=41,183 | 88.9min
[174/3300] "2017 Panini Cornerstones Basketball" +10813 | rows=1,724,202 calls=41,199 | 88.9min
[175/3300] "2001 Fleer Ultra Baseball" +6203 | rows=1,730,405 calls=41,244 | 89.0min
[176/3300] "1995 Collector's Edge Football" +12610 | rows=1,731,056 calls=41,251 | 89.0min
[177/3300] "2021 Panini Origins Basketball" +10864 | rows=1,732,904 calls=41,269 | 89.0min
[178/3300] "1995 Collector's Edge Excalibur Football" +6788 | rows=1,737,193 calls=41,323 | 89.1min
[179/3300] "2024 Panini Haunted Hoops Basketball" +7929 | rows=1,738,985 calls=41,338 | 89.1min
[180/3300] "2024 Panini Silhouette Basketball" +9157 | rows=1,742,061 calls=41,357 | 89.1min
[181/3300] "2022 Panini Select Football" +31273 | rows=1,747,426 calls=41,391 | 89.1min
[182/3300] "2021 Donruss Optic Basketball" +12285 | rows=1,749,478 calls=41,406 | 89.2min
[183/3300] "2022 Panini Zenith Football" +11953 | rows=1,750,938 calls=41,418 | 89.2min
[184/3300] "2020 Panini Flux Basketball" +11362 | rows=1,753,423 calls=41,439 | 89.2min
[185/3300] "2025 Panini Signature Series Basketball" +9294 | rows=1,756,720 calls=41,468 | 89.2min
[186/3300] "2021 Panini Select Basketball" +10127 | rows=1,759,605 calls=41,489 | 89.2min
[187/3300] "2025 Topps NBL Basketball" +9494 | rows=1,760,432 calls=41,498 | 89.2min
[188/3300] "2020 Panini Prizm Basketball" +9550 | rows=1,762,973 calls=41,525 | 89.3min
[189/3300] "2024 Topps Chrome NBL Basketball" +7831 | rows=1,764,551 calls=41,549 | 89.3min
[190/3300] "1994 Topps Stadium Club Basketball" +5386 | rows=1,764,991 calls=41,555 | 89.3min
[191/3300] "2022 Panini PhotoGenic Basketball" +6867 | rows=1,767,299 calls=41,574 | 89.3min
[192/3300] "2024 Panini One and One Basketball" +6663 | rows=1,769,636 calls=41,593 | 89.3min
[193/3300] "2022 Panini Revolution Basketball" +7156 | rows=1,771,707 calls=41,610 | 89.4min
[194/3300] "2024 Panini National Treasures Basketball" +5574 | rows=1,772,873 calls=41,620 | 89.4min
[195/3300] "2022 Panini Prizm Monopoly Basketball" +6859 | rows=1,776,495 calls=41,653 | 89.7min
[197/3300] "2023 Panini Black Basketball" +3666 | rows=1,782,883 calls=41,720 | 89.8min
[198/3300] "2025 Panini NFL Sticker & Card Collection Football" +13017 | rows=1,785,890 calls=41,746 | 89.9min
[199/3300] "2023 Panini Chronicles Draft Picks Football" +16187 | rows=1,787,894 calls=41,768 | 89.9min
[200/3300] "2023 Panini Crown Royale Turkish Airlines EuroLeague Basketball" +6477 | rows=1,789,360 calls=41,784 | 89.9min
[201/3300] "1995 Upper Deck Collector's Choice Basketball" +6215 | rows=1,794,109 calls=41,833 | 90.0min
[202/3300] "2025 Panini Silhouette Football" +5648 | rows=1,795,008 calls=41,843 | 90.0min
[203/3300] "2024 Bowman Chrome University Sapphire Basketball" +6132 | rows=1,801,140 calls=41,900 | 90.1min
[204/3300] "2025 Panini Score-A-Treat Football" +7137 | rows=1,801,246 calls=41,901 | 90.1min
[205/3300] "2025 Panini Donruss Football" +42178 | rows=1,807,169 calls=41,949 | 90.1min
[206/3300] "2012 Panini Hoops Basketball" +6573 | rows=1,807,713 calls=41,954 | 90.1min
[207/3300] "2021 Panini Donruss Basketball" +7615 | rows=1,808,861 calls=41,965 | 90.1min
[208/3300] "2022 Panini Revolution WNBA Basketball" +8426 | rows=1,815,595 calls=42,008 | 90.2min
[209/3300] "2015 Panini Prizm Basketball" +8732 | rows=1,816,445 calls=42,015 | 90.2min
[210/3300] "2020 Panini Hoops Basketball" +8821 | rows=1,817,682 calls=42,025 | 90.2min
[211/3300] "2023 Panini Haunted Hoops Basketball" +8147 | rows=1,823,742 calls=42,072 | 90.2min
[212/3300] "1994 Upper Deck Collector's Choice Basketball" +7297 | rows=1,823,742 calls=42,072 | 90.2min
[213/3300] "1995 Pacific Football" +6836 | rows=1,824,518 calls=42,080 | 90.3min
[214/3300] "2020 Donruss Optic Basketball" +6327 | rows=1,830,069 calls=42,123 | 90.3min
[215/3300] "2023 Panini Origins WNBA Basketball" +7320 | rows=1,831,062 calls=42,132 | 90.3min
[216/3300] "1999 Bowman Chrome Football" +6715 | rows=1,831,233 calls=42,134 | 90.3min
[218/3300] "2017 Panini Prizm Basketball" +5947 | rows=1,836,016 calls=42,179 | 90.4min
[219/3300] "2019 Panini Hoops Premium Stock Basketball" +6024 | rows=1,837,257 calls=42,190 | 90.4min
[221/3300] "2025 Upper Deck CFL Football" +7399 | rows=1,843,259 calls=42,247 | 90.5min
[222/3300] "2020 Panini Mosaic Basketball" +7282 | rows=1,843,298 calls=42,248 | 90.5min
[225/3300] "1999 Fleer Ultra Football" +4823 | rows=1,848,082 calls=42,315 | 90.8min
[229/3300] "1999 Topps Football" +3946 | rows=1,853,934 calls=42,397 | 90.8min
[234/3300] "2019 Panini Mosaic Basketball" +4905 | rows=1,860,059 calls=42,456 | 90.9min
[236/3300] "2012 Panini Prizm Basketball" +5237 | rows=1,863,260 calls=42,485 | 90.9min
[239/3300] "2019 Panini Prizm Football" +4641 | rows=1,867,901 calls=42,528 | 91.0min
[244/3300] "2017 Donruss Optic Basketball" +4542 | rows=1,875,193 calls=42,604 | 91.0min
[246/3300] "2024 Donruss Optic Football" +90533 | rows=1,876,423 calls=42,614 | 91.1min
[247/3300] "2024 Panini Score-a-Treat Football" +5161 | rows=1,876,531 calls=42,614 | 91.1min
[249/3300] "1994 Topps Basketball" +2354 | rows=1,878,777 calls=42,646 | 91.1min
[255/3300] "2025 Topps Chrome Cactus Jack X NBA All-Star Game Basketball" +2900 | rows=1,882,230 calls=42,688 | 91.1min
[260/3300] "1992 Topps Basketball" +2579 | rows=1,885,748 calls=42,750 | 91.4min
[266/3300] "1999 Topps Basketball" +5880 | rows=1,892,392 calls=42,808 | 91.7min
[267/3300] "1993 Upper Deck Basketball" +7220 | rows=1,892,968 calls=42,813 | 91.7min
[269/3300] "1999 Skybox Molten Metal Football" +8818 | rows=1,894,761 calls=42,828 | 91.8min
[271/3300] "2021 Panini Hoops Basketball" +3631 | rows=1,896,023 calls=42,843 | 91.8min
[274/3300] "2024 Panini Caitlin Clark Collection Basketball" +2606 | rows=1,898,629 calls=42,865 | 91.8min
[275/3300] "1999 Topps Finest Football" +6977 | rows=1,900,028 calls=42,876 | 91.8min
[278/3300] "1999 Fleer Ultra Basketball" +5893 | rows=1,902,187 calls=42,893 | 91.8min
[280/3300] "2013 Panini Prizm Basketball" +4112 | rows=1,904,140 calls=42,909 | 91.9min
[284/3300] "1999 Fleer Force Basketball" +3387 | rows=1,908,485 calls=42,946 | 91.9min
[288/3300] "2021 Panini Prizm Football" +12177 | rows=1,914,364 calls=42,989 | 91.9min
[294/3300] "2021 Panini Chronicles Basketball" +3304 | rows=1,919,998 calls=43,038 | 92.0min
[299/3300] "1997 Topps Chrome Basketball" +3941 | rows=1,925,697 calls=43,084 | 92.0min
[302/3300] "1995 Topps Finest Football" +2598 | rows=1,929,708 calls=43,118 | 92.1min
[304/3300] "2021 Donruss Optic Football" +19997 | rows=1,931,852 calls=43,133 | 92.1min
[305/3300] "2021 Panini Select Football" +6839 | rows=1,932,536 calls=43,138 | 92.1min
[310/3300] "1992 Skybox Basketball" +320 | rows=1,932,980 calls=43,164 | 92.1min
[314/3300] "1977 Topps Mexican Football" +1651 | rows=1,934,631 calls=43,188 | 92.1min
[320/3300] "1999 Fleer Mystique Basketball" +3128 | rows=1,938,526 calls=43,227 | 92.2min
[325/3300] "2003 Bowman Signature Basketball" +659 | rows=1,939,720 calls=43,260 | 92.2min
[330/3300] "1973 Topps Football" +718 | rows=1,940,438 calls=43,285 | 92.2min
[335/3300] "2016 Donruss Optic Football" +1651 | rows=1,942,089 calls=43,316 | 92.2min
[341/3300] "1995 Pacific Gridiron Football" +1698 | rows=1,944,212 calls=43,346 | 92.3min
[344/3300] "1995 Pacific Crown Royale Football" +1515 | rows=1,945,727 calls=43,365 | 92.3min
[350/3300] "1994 Fleer Ultra Basketball" +840 | rows=1,947,075 calls=43,387 | 92.3min
[357/3300] "2023 Panini Prizm Draft Picks Football" +3063 | rows=1,951,800 calls=43,435 | 92.5min
[359/3300] "1991 Pacific Football" +401 | rows=1,951,867 calls=43,445 | 92.6min
[362/3300] "1998 Metal Universe Basketball" +665 | rows=1,953,467 calls=43,464 | 92.7min
[368/3300] "1993 Topps Basketball" +561 | rows=1,954,994 calls=43,491 | 92.7min
[373/3300] "2019 Panini Spectra Basketball" +5741 | rows=1,957,608 calls=43,519 | 92.8min
[374/3300] "2020 Panini Chronicles Basketball" +1537 | rows=1,957,932 calls=43,524 | 92.8min
[379/3300] "1999 Bowman's Best Basketball" +1988 | rows=1,960,610 calls=43,549 | 92.8min
[384/3300] "1999 Metal Basketball" +862 | rows=1,962,871 calls=43,575 | 92.8min
[387/3300] "1995 Bowman's Best Football" +1099 | rows=1,965,574 calls=43,596 | 92.9min
[389/3300] "1999 Bowman's Best Football" +15706 | rows=1,966,752 calls=43,607 | 92.9min
[393/3300] "1999 Upper Deck Basketball" +2197 | rows=1,971,118 calls=43,635 | 92.9min
[396/3300] "2020 Donruss Optic Football" +7503 | rows=1,973,863 calls=43,652 | 92.9min
[398/3300] "2023 Panini NBA Top Class Basketball" +1730 | rows=1,975,593 calls=43,668 | 92.9min
[400/3300] "2024 Panini Clearly Donruss Football" +14254 | rows=1,976,563 calls=43,677 | 92.9min
[405/3300] "1996 Topps Finest Basketball" +1074 | rows=1,978,135 calls=43,698 | 93.0min
[410/3300] "1995 Action Packed Football" +672 | rows=1,978,868 calls=43,715 | 93.0min
[416/3300] "2013 Panini Prizm Football" +1697 | rows=1,981,677 calls=43,739 | 93.0min
[420/3300] "2023 Bowman U Now NCAA March Madness Basketball" +1384 | rows=1,983,061 calls=43,759 | 93.0min
[426/3300] "2018 Panini Revolution Basketball" +1095 | rows=1,984,156 calls=43,775 | 93.0min
[433/3300] "1970 Topps Football" +853 | rows=1,985,974 calls=43,800 | 93.1min
[435/3300] "1999 Flair Showcase Football" +2468 | rows=1,986,624 calls=43,805 | 93.1min
[440/3300] "1995 Fleer Metal Football" +1149 | rows=1,988,038 calls=43,819 | 93.1min
[445/3300] "1997 Metal Universe Championship Basketball" +1015 | rows=1,989,468 calls=43,837 | 93.1min
[451/3300] "2023 Panini Instant RPS First Look Basketball" +642 | rows=1,990,110 calls=43,851 | 93.1min
[453/3300] "1996 Flair Showcase Basketball" +1199 | rows=1,991,309 calls=43,864 | 93.1min
[461/3300] "1994 Topps Embossed Basketball" +1058 | rows=1,993,825 calls=43,890 | 93.3min
[462/3300] "1948 Leaf Football" +0 | rows=1,993,825 calls=43,893 | 93.3min
[467/3300] "1991 Skybox Basketball" +0 | rows=1,995,238 calls=43,914 | 93.5min
[472/3300] "1985 Star Basketball" +0 | rows=1,996,520 calls=43,933 | 93.7min
[477/3300] "2016 Panini Threads Basketball" +250 | rows=1,997,344 calls=43,948 | 93.8min
[483/3300] "2022 Panini Contenders Optic Football" +5218 | rows=1,999,043 calls=43,968 | 93.8min
[485/3300] "1998 Upper Deck Ionix Basketball" +1680 | rows=1,999,710 calls=43,975 | 93.8min
[486/3300] "2020 Panini Spectra Football" +6114 | rows=2,000,853 calls=43,982 | 93.9min
[491/3300] "1998 Upper Deck Ovation Basketball" +6420 | rows=2,006,088 calls=44,018 | 94.0min
[495/3300] "2017 Panini Prizm Football" +12135 | rows=2,011,178 calls=44,054 | 94.0min
[497/3300] "2019 Panini Donruss Football" +11248 | rows=2,012,101 calls=44,061 | 94.0min
[499/3300] "1981 Topps Basketball" +994 | rows=2,012,831 calls=44,070 | 94.0min
[503/3300] "2021 Panini Donruss Football" +7533 | rows=2,013,621 calls=44,078 | 94.1min
[505/3300] "1962 Topps Football" +175 | rows=2,013,621 calls=44,082 | 94.1min
[510/3300] "2017 Panini Essentials Basketball" +1042 | rows=2,014,663 calls=44,094 | 94.1min
[515/3300] "1997 Upper Deck Basketball" +1021 | rows=2,015,848 calls=44,105 | 94.1min
[519/3300] "1986 Topps Football" +944 | rows=2,016,792 calls=44,113 | 94.1min
[524/3300] "2025 Bowman U Now NCAA March Madness On-Demand Basketball" +685 | rows=2,018,142 calls=44,124 | 94.1min
[530/3300] "2020 Panini Revolution Basketball" +930 | rows=2,019,381 calls=44,137 | 94.1min
[539/3300] "2019 Panini Revolution Basketball" +671 | rows=2,021,164 calls=44,161 | 94.1min
[542/3300] "2020 Panini Absolute Football" +2093 | rows=2,021,729 calls=44,168 | 94.2min
[545/3300] "1998 Topps Stadium Club Basketball" +722 | rows=2,022,300 calls=44,175 | 94.2min
[550/3300] "1998 Fleer Basketball" +921 | rows=2,023,309 calls=44,183 | 94.2min
[555/3300] "1975 Carvel Discs Basketball" +273 | rows=2,023,666 calls=44,192 | 94.2min
[564/3300] "2022 Panini Contenders Basketball" +781 | rows=2,025,029 calls=44,214 | 94.2min
[567/3300] "1956 Topps Football" +431 | rows=2,025,839 calls=44,223 | 94.2min
[573/3300] "1990 Topps Football" +761 | rows=2,027,735 calls=44,243 | 94.2min
[579/3300] "1996 Hoops Basketball" +915 | rows=2,029,473 calls=44,263 | 94.2min
[583/3300] "1961 Topps CFL Football" +490 | rows=2,030,637 calls=44,277 | 94.3min
[584/3300] "2020 Panini Select Football" +5762 | rows=2,030,791 calls=44,280 | 94.3min
[589/3300] "1965 Topps CFL Football" +286 | rows=2,031,211 calls=44,291 | 94.3min
[590/3300] "2020 Panini Donruss Football" +7642 | rows=2,031,413 calls=44,296 | 94.3min
[594/3300] "1990 Pro Set Football" +193 | rows=2,031,767 calls=44,304 | 94.3min
[598/3300] "2020 Panini Spectra Basketball" +965 | rows=2,033,138 calls=44,317 | 94.3min
[603/3300] " 2016 Panini Donruss Football" +494 | rows=2,034,653 calls=44,331 | 94.3min
[609/3300] "1990 Skybox Basketball" +485 | rows=2,035,316 calls=44,344 | 94.3min
[612/3300] "1989 Pro Set Football" +773 | rows=2,036,864 calls=44,358 | 94.3min
[622/3300] "2021 Panini Chronicles Draft Picks Football" +1523 | rows=2,045,923 calls=44,432 | 94.7min
[623/3300] "1985 Topps Football" +14218 | rows=2,052,743 calls=44,479 | 94.8min
[625/3300] "2022 Panini Obsidian Football" +18478 | rows=2,053,602 calls=44,483 | 94.8min
[628/3300] "2020 Panini Court Kings Basketball" +419 | rows=2,054,249 calls=44,490 | 94.8min
[632/3300] "2024 Panini PhotoGenic Football" +12682 | rows=2,058,605 calls=44,515 | 94.8min
[637/3300] "1997 Skybox Z-Force Basketball" +488 | rows=2,065,422 calls=44,556 | 94.8min
[639/3300] "2022 Panini Prestige Football" +11341 | rows=2,065,969 calls=44,560 | 94.8min
[640/3300] "2020 Panini Mosaic Football" +10419 | rows=2,065,991 calls=44,561 | 94.9min
[644/3300] "1994 Skybox Emotion Basketball" +234 | rows=2,066,225 calls=44,565 | 94.9min
[649/3300] " 2021 Panini Contenders Optic Basketball " +693 | rows=2,067,154 calls=44,573 | 94.9min
[652/3300] "1964 Wheaties Stamps Football" +179 | rows=2,067,909 calls=44,581 | 94.9min
[658/3300] "1971 Fleer Harlem Globetrotters Basketball" +437 | rows=2,069,247 calls=44,590 | 94.9min
[663/3300] "1957 Topps Basketball" +406 | rows=2,069,977 calls=44,599 | 94.9min
[668/3300] "1954 Blue Ribbon Tea CFL Football" +635 | rows=2,071,240 calls=44,609 | 94.9min
[673/3300] "2017 Panini Elite Draft Picks Football" +597 | rows=2,072,376 calls=44,618 | 94.9min
[676/3300] "2025 Panini Impeccable Football" +5068 | rows=2,072,676 calls=44,623 | 94.9min
[679/3300] "1967 Topps Comic Pennants Football" +381 | rows=2,073,057 calls=44,627 | 94.9min
[682/3300] "1986 Star Basketball" +327 | rows=2,074,075 calls=44,634 | 94.9min
[687/3300] "2003 Topps Chrome Basketball" +481 | rows=2,078,008 calls=44,659 | 95.0min
[692/3300] "2018 Panini Donruss Football" +6725 | rows=2,079,782 calls=44,674 | 95.0min
[694/3300] "2021 Topps Finest Basketball" +359 | rows=2,080,091 calls=44,676 | 95.0min
[698/3300] "2015 Panini Select Basketball" +416 | rows=2,080,650 calls=44,683 | 95.0min
[702/3300] "2005 Topps Football" +42 | rows=2,081,295 calls=44,691 | 95.0min
[707/3300] "1975 Fleer Hall of Fame Immortal Roll Football" +425 | rows=2,082,333 calls=44,699 | 95.0min
[712/3300] "1995 Skybox Premium Basketball" +106 | rows=2,083,159 calls=44,706 | 95.0min
[716/3300] "2022 Panini Prizm Football" +51853 | rows=2,083,712 calls=44,711 | 95.0min
[719/3300] "2018 Panini Immaculate Collection Basketball" +443 | rows=2,084,155 calls=44,715 | 95.0min
[723/3300] "2015 Topps Chrome Football" +253 | rows=2,084,615 calls=44,722 | 95.0min
[728/3300] "1976 Fleer Team Action Football" +212 | rows=2,085,163 calls=44,730 | 95.0min
[733/3300] "2002 Pacific Atomic Football" +468 | rows=2,086,492 calls=44,741 | 95.1min
[743/3300] "2014 Panini Donruss Basketball" +459 | rows=2,088,443 calls=44,759 | 95.1min
[747/3300] "2021 Panini Prestige Football" +1979 | rows=2,089,058 calls=44,766 | 95.1min
[749/3300] "2001 Topps Chrome Basketball" +199 | rows=2,089,092 calls=44,768 | 95.1min
[753/3300] "2014 Panini Threads Basketball" +250 | rows=2,089,342 calls=44,774 | 95.1min
[759/3300] "2013 Panini Titanium Basketball" +796 | rows=2,090,516 calls=44,785 | 95.1min
[763/3300] "1980 Topps Basketball" +56 | rows=2,090,942 calls=44,793 | 95.1min
[769/3300] "1968 Champion Corn Flakes Football" +312 | rows=2,091,504 calls=44,799 | 95.1min
[774/3300] "2012 Topps Chrome Football" +247 | rows=2,091,936 calls=44,806 | 95.1min
[779/3300] "2022 Panini Flux Basketball" +345 | rows=2,092,383 calls=44,812 | 95.1min
[784/3300] "2008 Topps Chrome Basketball" +389 | rows=2,093,208 calls=44,820 | 95.1min
[790/3300] "2008 Topps Football" +304 | rows=2,093,666 calls=44,828 | 95.1min
[794/3300] "2004 Fleer Tradition Football" +186 | rows=2,093,931 calls=44,833 | 95.1min
[799/3300] "2007 Topps Basketball" +201 | rows=2,094,356 calls=44,839 | 95.2min
[803/3300] "1991 Score Football" +63 | rows=2,094,661 calls=44,845 | 95.2min
[808/3300] "2022 Panini National Treasures Collegiate Football" +134 | rows=2,095,297 calls=44,851 | 95.2min
[813/3300] "2018 Panini Noir Basketball" +105 | rows=2,095,523 calls=44,856 | 95.2min
[818/3300] "1959 Bell Brand Rams Football" +44 | rows=2,095,863 calls=44,864 | 95.2min
[823/3300] "1976 Buckmans Discs Basketball" +361 | rows=2,096,787 calls=44,874 | 95.2min
[827/3300] "1996 Upper Deck Collector's Choice Basketball" +225 | rows=2,098,330 calls=44,886 | 95.2min
[832/3300] "2024 Panini Spectra Football" +20413 | rows=2,099,131 calls=44,895 | 95.2min
[834/3300] "2021 Panini Playoff Football" +486 | rows=2,099,344 calls=44,898 | 95.2min
[838/3300] "2017 Turkish EuroLeague Jokerdecki Basketball" +576 | rows=2,100,579 calls=44,911 | 95.3min
[842/3300] "2013 Panini Immaculate Collection Basketball" +623 | rows=2,102,281 calls=44,923 | 95.3min
[847/3300] "2025 Panini Philadelphia Eagles Super Bowl LIX Champions Football" +617 | rows=2,104,365 calls=44,939 | 95.3min
[853/3300] "1993 Upper Deck Football" +257 | rows=2,105,186 calls=44,949 | 95.3min
[858/3300] "2012 Panini Crusade Basketball" +524 | rows=2,106,001 calls=44,957 | 95.3min
[863/3300] "2022 Panini Impeccable Basketball" +465 | rows=2,106,968 calls=44,965 | 95.3min
[867/3300] "2005 Upper Deck Sweet Spot Football" +224 | rows=2,108,103 calls=44,974 | 95.4min
[872/3300] "2013 Panini Elite Basketball" +228 | rows=2,110,906 calls=44,993 | 95.4min
[878/3300] "2020 Panini XR Football" +575 | rows=2,113,180 calls=45,007 | 95.4min
[883/3300] "2018 Panini Dominion Basketball" +296 | rows=2,114,021 calls=45,016 | 95.4min
[885/3300] "2022 Donruss Optic Football" +19900 | rows=2,114,319 calls=45,018 | 95.4min
[889/3300] "1993 Skybox Impact Football" +100 | rows=2,114,467 calls=45,023 | 95.4min
[894/3300] "2013 Panini Crusade Basketball" +136 | rows=2,114,876 calls=45,030 | 95.4min
[899/3300] "1959 Kahn's Wieners Football" +349 | rows=2,115,268 calls=45,034 | 95.4min
[904/3300] "2019 Panini Status Basketball" +290 | rows=2,115,817 calls=45,041 | 95.4min
[908/3300] "1960 Fleer Football" +244 | rows=2,116,141 calls=45,046 | 95.4min
[913/3300] "2016 Panini Hoops Basketball" +89 | rows=2,116,938 calls=45,053 | 95.5min
[918/3300] "2017 Panini Certified Football" +238 | rows=2,117,769 calls=45,064 | 95.5min
[923/3300] "2003 Topps Basketball" +395 | rows=2,120,118 calls=45,078 | 95.5min
[929/3300] "2007 Leaf Rookies & Stars Football " +668 | rows=2,121,591 calls=45,095 | 95.6min
[934/3300] "1967 Royal Castle Dolphins Football" +445 | rows=2,123,033 calls=45,108 | 95.7min
[937/3300] "2022 Panini Score Football" +7295 | rows=2,123,140 calls=45,112 | 95.7min
[940/3300] "2000 Topps Stars Basketball" +220 | rows=2,123,360 calls=45,115 | 95.7min
[944/3300] "2000 Fleer Tradition Football" +175 | rows=2,123,716 calls=45,121 | 95.7min
[948/3300] "2018 Panini Unparalleled Football" +150 | rows=2,124,161 calls=45,125 | 95.7min
[955/3300] "2008 Topps Basketball" +238 | rows=2,124,471 calls=45,133 | 95.7min
[963/3300] "2022 Panini Contenders Football" +1926 | rows=2,126,397 calls=45,150 | 95.9min
[967/3300] "2011 Upper Deck Michael Jordan UNC Master Collection Basketball" +32 | rows=2,126,538 calls=45,154 | 95.9min
[968/3300] "2009 Upper Deck Basketball" +1337 | rows=2,126,562 calls=45,157 | 95.9min
[973/3300] "2017 Panini Spectra Basketball" +967 | rows=2,128,971 calls=45,174 | 96.0min
[982/3300] "1996 Bowman's Best Football" +138 | rows=2,130,334 calls=45,191 | 96.1min
[983/3300] "2022 Panini Donruss Football" +7443 | rows=2,133,981 calls=45,213 | 96.2min
[987/3300] "2005 Topps Chrome Football" +10 | rows=2,134,109 calls=45,217 | 96.2min
[992/3300] "2021 Panini Flawless Basketball" +41 | rows=2,134,244 calls=45,222 | 96.2min
[997/3300] "1969 Topps Rulers Basketball" +0 | rows=2,134,344 calls=45,227 | 96.2min
[1002/3300] "2022 Sage Artistry Football " +49 | rows=2,134,484 calls=45,232 | 96.2min
[1007/3300] "2015 Topps Field Access Football" +23 | rows=2,134,589 calls=45,237 | 96.3min
[1012/3300] "2016 Panini Gold Standard Basketball" +30 | rows=2,134,767 calls=45,242 | 96.3min
[1017/3300] "2018 Panini Score Football" +15 | rows=2,134,843 calls=45,247 | 96.3min
[1022/3300] "1961 Chargers Golden Tulip Football" +22 | rows=2,134,921 calls=45,252 | 96.3min
[1025/3300] "1970 Topps Poster Basketball" +5734 | rows=2,134,933 calls=45,256 | 96.3min
[1028/3300] "2003 UD Glass Basketball" +260 | rows=2,138,968 calls=45,281 | 96.5min
[1029/3300] "2002 Upper Deck Piece of History Football" +8646 | rows=2,138,980 calls=45,281 | 96.5min
[1036/3300] "2003 Topps Pristine Basketball" +282 | rows=2,139,507 calls=45,290 | 96.7min
[1038/3300] "2013 Panini Momentum Football" +255 | rows=2,139,762 calls=45,294 | 96.7min
[1043/3300] "1991 Star Pics Football" +27 | rows=2,140,080 calls=45,300 | 96.7min
[1050/3300] "2023 Panini Instant Basketball" +262 | rows=2,140,584 calls=45,309 | 96.7min
[1053/3300] "2004 Upper Deck R-Class Basketball" +253 | rows=2,140,862 calls=45,313 | 96.7min
[1060/3300] "1997 Metal Universe Football" +267 | rows=2,141,173 calls=45,320 | 96.7min
[1063/3300] "2021 Leaf Metal Draft Football" +197 | rows=2,141,527 calls=45,325 | 96.7min
[1068/3300] "1992 Upper Deck Football" +345 | rows=2,142,072 calls=45,333 | 96.7min
[1073/3300] "2003 Fleer Tradition Basketball" +373 | rows=2,143,030 calls=45,343 | 96.8min
[1079/3300] "2013 SP Authentic Basketball" +79 | rows=2,143,379 calls=45,350 | 96.8min
[1084/3300] "2005 Topps Basketball" +65 | rows=2,143,479 calls=45,357 | 96.8min
[1088/3300] "2001 Upper Deck Graded Football" +36 | rows=2,143,549 calls=45,363 | 96.8min
[1095/3300] "1959 Bazooka Football" +90 | rows=2,143,671 calls=45,372 | 96.8min
[1098/3300] "2021 Bowman University Basketball" +36 | rows=2,143,735 calls=45,377 | 96.8min
[1104/3300] "2015 Panini Court Kings Basketball" +90 | rows=2,143,901 calls=45,384 | 96.8min
[1109/3300] "2006 Upper Deck Basketball" +70 | rows=2,144,017 calls=45,391 | 96.8min
[1114/3300] "1994 Fleer Ultra Football" +52 | rows=2,144,114 calls=45,397 | 96.8min
[1118/3300] "2008 Topps Finest Football" +49 | rows=2,144,218 calls=45,403 | 96.8min
[1124/3300] "2005 Topps Turn Back The Clock Football" +38 | rows=2,144,293 calls=45,410 | 96.8min
[1129/3300] "2006 Topps Chrome Basketball" +50 | rows=2,144,402 calls=45,417 | 96.8min
[1133/3300] "2019 Panini Black Basketball" +62 | rows=2,144,520 calls=45,423 | 96.8min
[1139/3300] "1994 Topps Stadium Club Football" +37 | rows=2,144,613 calls=45,430 | 96.8min
[1143/3300] "2022 Panini Rookies and Stars Football" +323 | rows=2,144,958 calls=45,438 | 96.9min
[1148/3300] "1998 Topps Stars Football" +210 | rows=2,145,529 calls=45,446 | 96.9min
[1154/3300] "1989 Topps Traded Football" +186 | rows=2,145,939 calls=45,457 | 96.9min
[1160/3300] "2000 Topps Basketball" +95 | rows=2,146,086 calls=45,463 | 96.9min
[1163/3300] "2010 Panini Gold Standard Basketball" +52 | rows=2,146,157 calls=45,467 | 96.9min
[1169/3300] "2002 Topps Finest Basketball" +49 | rows=2,146,245 calls=45,475 | 96.9min
[1174/3300] "2017 Panini Phoenix Football" +79 | rows=2,146,473 calls=45,482 | 96.9min
[1179/3300] "2021 Panini Zenith Football" +64 | rows=2,146,591 calls=45,489 | 96.9min
[1182/3300] "1986 Super Bowl Super Stars Police Football" +21 | rows=2,146,636 calls=45,494 | 96.9min
[1189/3300] "2012 Panini Immaculate Collection Basketball" +47 | rows=2,146,733 calls=45,501 | 96.9min
[1194/3300] "2004 Upper Deck Basketball" +47 | rows=2,146,815 calls=45,508 | 96.9min
[1200/3300] "2008 Fleer Basketball" +17 | rows=2,146,880 calls=45,516 | 96.9min
[1203/3300] "2003 Upper Deck Rookie Exclusives Basketball" +32 | rows=2,146,932 calls=45,520 | 96.9min
[1207/3300] "1998 Score Football" +21 | rows=2,147,019 calls=45,528 | 97.0min
[1212/3300] "2019 Panini Illusions Football" +23 | rows=2,147,121 calls=45,537 | 97.0min
[1218/3300] "1997 Topps Finest Football" +35 | rows=2,147,235 calls=45,545 | 97.0min
[1223/3300] "2003 Upper Deck Sweet Shot Basketball" +31 | rows=2,147,306 calls=45,552 | 97.0min
[1228/3300] "2008 Fleer Hot Prospects Basketball" +277 | rows=2,147,766 calls=45,562 | 97.0min
[1232/3300] "1997 Upper Deck Michael Jordan Tribute Basketball" +222 | rows=2,148,040 calls=45,569 | 97.0min
[1238/3300] "1950 Scott's Potato Chips Minneapolis Lakers Basketball" +38 | rows=2,148,533 calls=45,580 | 97.0min
[1244/3300] "2024 Topps Finest Football" +15 | rows=2,148,841 calls=45,589 | 97.0min
[1252/3300] "2020 Panini Prestige Football" +323 | rows=2,149,184 calls=45,612 | 97.5min
[1253/3300] "2001 Upper Deck Football" +63 | rows=2,149,190 calls=45,613 | 97.5min
[1258/3300] "1998 Skybox Premium Football" +24 | rows=2,149,234 calls=45,621 | 97.5min
[1262/3300] "2007 Bowman Football" +7 | rows=2,149,294 calls=45,628 | 97.5min
[1267/3300] "2002 Playoff Absolute Memorabilia Football" +8 | rows=2,149,361 calls=45,652 | 97.6min
[1272/3300] "2001 Topps Archives Reserve Football" +3 | rows=2,149,393 calls=45,657 | 97.6min
[1277/3300] "2005 Upper Deck Reflections Basketball" +8 | rows=2,149,452 calls=45,662 | 97.7min
[1282/3300] "2004 Skybox Autographics Basketball " +15 | rows=2,149,516 calls=45,675 | 97.7min
[1288/3300] "2016 Panini Immaculate Collection Basketball" +40 | rows=2,149,647 calls=45,681 | 97.7min
[1294/3300] "2004 Fleer Ultra Basketball" +33 | rows=2,149,731 calls=45,687 | 97.7min
[1299/3300] "2004 Fleer Sweet Sigs Basketball" +64 | rows=2,149,827 calls=45,693 | 97.8min
[1304/3300] "2020 Panini Prizm Football" +53389 | rows=2,149,874 calls=45,701 | 97.8min
[1306/3300] "2004 Fleer Ultra Football" +54 | rows=2,149,897 calls=45,701 | 97.8min
[1307/3300] "2000 Fleer Ultra Football" +5 | rows=2,149,902 calls=45,704 | 97.8min
[1314/3300] "2021 Panini Elements Football" +37 | rows=2,149,987 calls=45,709 | 97.8min
[1320/3300] "2015 Topps Platinum Football" +133 | rows=2,150,172 calls=45,715 | 97.8min
[1325/3300] "1991 Pro Line Portraits Football" +59 | rows=2,150,251 calls=45,721 | 97.8min
[1329/3300] "2003 Topps Finest Basketball" +33 | rows=2,150,300 calls=45,724 | 97.8min
[1334/3300] "2021 Leaf Metal Basketball" +49 | rows=2,150,380 calls=45,730 | 97.8min
[1339/3300] "2018 Panini Kaboom Basketball" +38 | rows=2,150,434 calls=45,735 | 97.8min
[1344/3300] "1960 Kahn's Wieners Basketball" +36 | rows=2,150,505 calls=45,739 | 97.8min
[1352/3300] "2003 Fleer Authentix Basketball" +75 | rows=2,150,612 calls=45,747 | 97.8min
[1355/3300] "2021 Panini Luminance Football" +129 | rows=2,150,729 calls=45,750 | 97.8min
[1359/3300] "2018 Panini Phoenix Football" +77 | rows=2,150,823 calls=45,754 | 97.8min
[1364/3300] "2007 Topps Triple Threads Football" +20 | rows=2,150,871 calls=45,759 | 97.8min
[1370/3300] "2002 Score Football" +16 | rows=2,150,903 calls=45,765 | 97.8min
[1374/3300] "2003 Playoff Absolute Memorabilia Football" +20 | rows=2,150,934 calls=45,770 | 97.9min
[1378/3300] "2000 Score Football" +12 | rows=2,150,962 calls=45,774 | 97.9min
[1385/3300] "2003 Upper Deck Exquisite Collection Basketball" +63 | rows=2,151,052 calls=45,780 | 97.9min
[1389/3300] "2012 Panini Intrigue Basketball" +34 | rows=2,151,096 calls=45,785 | 97.9min
[1394/3300] "2008 SP Authentic Basketball" +33 | rows=2,151,164 calls=45,789 | 97.9min
[1399/3300] "2007 Bowman Basketball" +52 | rows=2,151,242 calls=45,794 | 97.9min
[1404/3300] "2000 Upper Deck Ultimate Victory Basketball" +22 | rows=2,151,297 calls=45,799 | 97.9min
[1413/3300] "2005 Upper Deck Kickoff Football" +19 | rows=2,151,439 calls=45,809 | 97.9min
[1417/3300] "2013 Panini Absolute Football" +210 | rows=2,151,915 calls=45,814 | 97.9min
[1424/3300] "2022 Wild Card Auto Mania Football" +245 | rows=2,152,604 calls=45,824 | 97.9min
[1430/3300] "2008 Bowman Chrome Basketball" +252 | rows=2,153,477 calls=45,835 | 97.9min
[1431/3300] "2022 Panini Phoenix Football" +2234 | rows=2,153,539 calls=45,836 | 97.9min
[1435/3300] "1991 Tuff Stuff Jr. Basketball" +32 | rows=2,153,571 calls=45,839 | 97.9min
[1441/3300] "2005 Topps Pristine Basketball" +86 | rows=2,153,675 calls=45,845 | 97.9min
[1445/3300] "2008 Upper Deck MVP Basketball" +41 | rows=2,153,716 calls=45,849 | 97.9min
[1449/3300] "2002 SP Authentic Basketball" +30 | rows=2,153,755 calls=45,854 | 98.0min
[1454/3300] "2004 Skybox Fresh Ink Basketball " +21 | rows=2,153,779 calls=45,858 | 98.0min
[1459/3300] "2020 Panini Legacy Football" +70 | rows=2,153,859 calls=45,863 | 98.0min
[1462/3300] "2021 Leaf Flash Football" +127 | rows=2,154,045 calls=45,867 | 98.0min
[1469/3300] "2013 Panini Elite Football " +216 | rows=2,154,556 calls=45,875 | 98.0min
[1473/3300] "2009 Donruss Classics Football" +19 | rows=2,154,595 calls=45,880 | 98.0min
[1479/3300] "1994 Collector's Edge Football" +18 | rows=2,154,643 calls=45,886 | 98.0min
[1484/3300] "2022 Wild Card Matte Football" +42 | rows=2,154,710 calls=45,890 | 98.0min
[1493/3300] "2014 Panini Rookies and Stars Football" +37 | rows=2,154,824 calls=45,900 | 98.0min
[1496/3300] "2022 Panini Playbook Football" +200 | rows=2,154,941 calls=45,905 | 98.1min
[1497/3300] "2008 Score Football" +6 | rows=2,154,947 calls=45,906 | 98.1min
[1502/3300] "2001 Upper Deck Vintage Football" +5 | rows=2,154,979 calls=45,912 | 98.2min
[1509/3300] "2000 Upper Deck Encore Football" +22 | rows=2,155,033 calls=45,919 | 98.2min
[1513/3300] "2023 Topps Now Basketball" +10 | rows=2,155,068 calls=45,923 | 98.2min
[1518/3300] "2008 Upper Deck Exquisite Collection Basketball" +29 | rows=2,155,132 calls=45,928 | 98.2min
[1523/3300] "2017 Panini Absolute Basketball" +36 | rows=2,155,206 calls=45,933 | 98.2min
[1528/3300] "2014 Panini Totally Certified Basketball" +20 | rows=2,155,263 calls=45,939 | 98.2min
[1532/3300] "2010 Panini Rookies & Stars Basketball" +7 | rows=2,155,306 calls=45,942 | 98.2min
[1538/3300] "1961 Union Oil Chiefs Basketball" +20 | rows=2,155,362 calls=45,948 | 98.2min
[1543/3300] "2021 Panini Encased Football" +61 | rows=2,155,444 calls=45,953 | 98.2min
[1548/3300] "2005 Topps Bazooka Football" +8 | rows=2,155,466 calls=45,958 | 98.2min
[1552/3300] "2019 Panini Immaculate Collection Football" +18 | rows=2,155,512 calls=45,962 | 98.2min
[1557/3300] "2016 Panini Spectra Football" +14 | rows=2,155,848 calls=45,970 | 98.3min
[1562/3300] "2015 Panini Contenders Draft Picks Football" +16 | rows=2,157,743 calls=45,986 | 98.3min
[1567/3300] "1999 Topps Gold Label Football" +186 | rows=2,158,624 calls=45,996 | 98.3min
[1572/3300] "2021 Sage Premier Draft Football" +14 | rows=2,158,703 calls=46,001 | 98.3min
[1577/3300] "2016 Panini Playoff Football" +16 | rows=2,158,772 calls=46,006 | 98.3min
[1582/3300] "2015 Panini Spectra Basketball" +13 | rows=2,158,833 calls=46,011 | 98.4min
[1587/3300] "2015 Panini Flawless Basketball" +9 | rows=2,158,880 calls=46,016 | 98.4min
[1592/3300] "2005 Upper Deck Rookie Debut Basketball" +12 | rows=2,158,934 calls=46,021 | 98.4min
[1598/3300] "2005 Upper Deck Sweet Shot Basketball" +26 | rows=2,159,009 calls=46,027 | 98.4min
[1603/3300] "2024 Topps Resurgence Football" +5293 | rows=2,159,064 calls=46,032 | 98.4min
[1608/3300] "1992 Upper Deck MVP Holograms Basketball" +0 | rows=2,159,064 calls=46,038 | 98.4min
[1612/3300] "1993 Classic Draft Picks Basketball" +0 | rows=2,159,078 calls=46,042 | 98.4min
[1617/3300] "1987 Fleer Sticker Basketball" +221 | rows=2,159,256 calls=46,052 | 98.7min
[1622/3300] "2004 Fleer Showcase Football" +5 | rows=2,159,340 calls=46,057 | 98.7min
[1627/3300] "2006 Topps Turn Back The Clock Football" +7 | rows=2,159,367 calls=46,062 | 98.7min
[1632/3300] "2000 Donruss Elite Football" +5 | rows=2,159,420 calls=46,067 | 98.7min
[1637/3300] "2002 Upper Deck Graded Football" +7 | rows=2,159,443 calls=46,072 | 98.7min
[1642/3300] "1998 Upper Deck Football" +265 | rows=2,159,521 calls=46,077 | 98.7min
[1643/3300] "1992 Fleer Ultra Football" +13 | rows=2,159,521 calls=46,078 | 98.7min
[1648/3300] "1997 SP Authentic Football" +23 | rows=2,159,557 calls=46,083 | 98.7min
[1653/3300] "2012 Topps Finest Football" +24 | rows=2,159,600 calls=46,088 | 98.7min
[1659/3300] "2008 Donruss Classics Football" +17 | rows=2,159,628 calls=46,094 | 98.8min
[1662/3300] "2002 Pacific Heads Update Football" +9 | rows=2,159,647 calls=46,098 | 98.8min
[1669/3300] "2004 Upper Deck Reflections Football" +19 | rows=2,159,684 calls=46,104 | 98.8min
[1672/3300] "2000 Pacific Paramount Football" +7 | rows=2,159,702 calls=46,107 | 98.8min
[1678/3300] "2001 Press Pass Football" +11 | rows=2,159,733 calls=46,113 | 98.8min
[1683/3300] "1999 Fleer Focus Football" +16 | rows=2,159,767 calls=46,118 | 98.8min
[1688/3300] "2001 Upper Deck Legends Basketball" +21 | rows=2,159,816 calls=46,123 | 98.8min
[1693/3300] "2023 Panini Contenders Optic Basketball" +11 | rows=2,159,852 calls=46,128 | 98.8min
[1702/3300] "2023 Panini Origins Basketball" +23 | rows=2,159,888 calls=46,137 | 98.8min
[1706/3300] "2008 Upper Deck First Edition Basketball" +50 | rows=2,159,932 calls=46,141 | 98.8min
[1710/3300] "2003 Topps Jersey Edition Basketball" +29 | rows=2,159,961 calls=46,146 | 98.8min
[1715/3300] "2000 Fleer Authority Basketball" +34 | rows=2,160,005 calls=46,150 | 98.8min
[1720/3300] "2024 Panini National Treasures Football" +48 | rows=2,160,061 calls=46,155 | 98.9min
[1724/3300] "2009 Upper Deck Heroes Football" +123 | rows=2,160,220 calls=46,159 | 98.9min
[1732/3300] "2022 Panini Black Football" +1142 | rows=2,161,372 calls=46,174 | 98.9min
[1734/3300] "2018 Panini Elite Draft Picks Football" +325 | rows=2,161,485 calls=46,176 | 98.9min
[1739/3300] "1993 Fleer Football" +24 | rows=2,161,721 calls=46,183 | 98.9min
[1743/3300] "2021 Panini Game Breakers Football" +26 | rows=2,161,942 calls=46,188 | 98.9min
[1749/3300] "2014 Topps Prime Football" +226 | rows=2,162,421 calls=46,195 | 98.9min
[1754/3300] "2017 Leaf Draft Football" +28 | rows=2,162,476 calls=46,201 | 98.9min
[1759/3300] "2007 Upper Deck Exquisite Collection Basketball" +26 | rows=2,162,522 calls=46,206 | 98.9min
[1764/3300] "2014 Panini Spectra Basketball" +197 | rows=2,162,908 calls=46,212 | 98.9min
[1768/3300] "1992 Legends Magazine Inserts Basketball" +8 | rows=2,162,926 calls=46,218 | 98.9min
[1774/3300] "2017 Panini Black Friday Basketball" +178 | rows=2,163,314 calls=46,225 | 98.9min
[1780/3300] "2009 SP Signature Edition Basketball" +27 | rows=2,163,534 calls=46,231 | 98.9min
[1784/3300] "2001 Upper Deck Flight Team Basketball" +215 | rows=2,163,915 calls=46,237 | 98.9min
[1789/3300] "2000 Upper Deck Hardcourt Basketball" +181 | rows=2,164,113 calls=46,243 | 98.9min
[1795/3300] "1990 Hoops All-Star Panels Basketball" +2 | rows=2,164,260 calls=46,250 | 98.9min
[1799/3300] "2001 Topps Heritage Basketball" +135 | rows=2,164,395 calls=46,255 | 98.9min
[1804/3300] "2014 Panini National Treasures Football" +10 | rows=2,164,541 calls=46,262 | 99.0min
[1809/3300] "1998 Fleer Brilliants Football" +192 | rows=2,164,881 calls=46,268 | 99.0min
[1813/3300] "2021 Panini Limited Football" +51 | rows=2,165,256 calls=46,275 | 99.0min
[1818/3300] "2018 Panini Playoff Football" +208 | rows=2,165,877 calls=46,282 | 99.0min
[1824/3300] "2012 Panini Score Football" +202 | rows=2,166,197 calls=46,288 | 99.0min
[1829/3300] "2005 Donruss Gridiron Gear Football" +17 | rows=2,166,393 calls=46,295 | 99.0min
[1834/3300] "2003 Flair Football" +178 | rows=2,166,749 calls=46,301 | 99.0min
[1839/3300] "2010 Panini Score Football" +180 | rows=2,166,939 calls=46,307 | 99.0min
[1845/3300] "2000 Collector's Edge Masters Football" +195 | rows=2,167,154 calls=46,314 | 99.0min
[1850/3300] "2003 Playoff Contenders Football" +170 | rows=2,167,488 calls=46,321 | 99.0min
[1854/3300] "1997 Topps Stadium Club Football" +27 | rows=2,167,515 calls=46,326 | 99.0min
[1859/3300] "1994 Classic NFL Draft Football" +167 | rows=2,167,874 calls=46,332 | 99.0min
[1865/3300] "2023 Sage Football" +159 | rows=2,168,045 calls=46,339 | 99.0min
[1869/3300] "2022 Leaf Draft Football" +143 | rows=2,168,194 calls=46,344 | 99.0min
[1874/3300] "2011 Panini Score Football" +20 | rows=2,168,343 calls=46,350 | 99.0min
[1879/3300] "2007 SP Authentic Football" +116 | rows=2,168,579 calls=46,357 | 99.0min
[1884/3300] "2008 Leaf Certified Materials Football" +114 | rows=2,168,702 calls=46,363 | 99.0min
[1889/3300] "2002 Fleer Authentix Football" +110 | rows=2,168,822 calls=46,369 | 99.0min
[1894/3300] "2003 Topps Finest Football" +189 | rows=2,169,020 calls=46,375 | 99.0min
[1899/3300] "2005 Sage Hit Football" +159 | rows=2,169,190 calls=46,381 | 99.1min
[1904/3300] "1999 Upper Deck HoloGrFX Football" +13 | rows=2,169,394 calls=46,388 | 99.1min
[1909/3300] "2000 Quantum Leaf Football" +11 | rows=2,169,555 calls=46,394 | 99.1min
[1914/3300] "2001 Fleer Tradition Football" +134 | rows=2,169,816 calls=46,401 | 99.1min
[1920/3300] "1997 Donruss Football" +170 | rows=2,169,993 calls=46,407 | 99.1min
[1924/3300] "2003 Topps Pristine Football" +135 | rows=2,170,128 calls=46,412 | 99.1min
[1930/3300] "2006 Upper Deck Ovation Basketball" +141 | rows=2,170,279 calls=46,419 | 99.1min
[1934/3300] "2007 Bowman Chrome Basketball" +17 | rows=2,170,451 calls=46,425 | 99.1min
[1939/3300] "2020 Upper Deck Goodwin Champions Basketball" +202 | rows=2,170,855 calls=46,431 | 99.1min
[1944/3300] "2004 SP Signature Edition Basketball " +18 | rows=2,170,884 calls=46,438 | 99.1min
[1952/3300] "1994 Upper Deck Jordan Rare Air Basketball" +0 | rows=2,171,582 calls=46,457 | 99.4min
[1956/3300] "2023 Topps Now Draft Basketball" +545 | rows=2,171,616 calls=46,463 | 99.5min
[1962/3300] "2005 SP Game Used Basketball" +6 | rows=2,171,960 calls=46,473 | 99.6min
[1967/3300] "2002 Upper Deck Generations Basketball" +8 | rows=2,171,999 calls=46,478 | 99.6min
[1972/3300] "2000 Bowman's Best Basketball" +5 | rows=2,172,027 calls=46,483 | 99.6min
[1977/3300] "1991 Classic Basketball" +0 | rows=2,172,042 calls=46,488 | 99.6min
[1980/3300] "2007 Upper Deck Sweet Shot Basketball" +445 | rows=2,172,061 calls=46,492 | 99.7min
[1984/3300] "2001 SP Authentic Basketball" +9 | rows=2,172,082 calls=46,495 | 99.7min
[1989/3300] "1992 Skybox USA Basketball" +11 | rows=2,172,104 calls=46,500 | 99.7min
[1993/3300] "1992 Upper Deck European Basketball" +6 | rows=2,172,115 calls=46,504 | 99.7min
[1998/3300] "2006 Score Select Football" +188 | rows=2,172,497 calls=46,511 | 99.7min
[2003/3300] "2018 Panini One Football" +172 | rows=2,172,830 calls=46,518 | 99.7min
[2007/3300] "2022 Panini Clearly Donruss Football" +894 | rows=2,173,864 calls=46,528 | 99.7min
[2012/3300] "2012 Panini Absolute Football" +264 | rows=2,174,957 calls=46,541 | 99.7min
[2018/3300] "1995 Upper Deck Football" +118 | rows=2,175,597 calls=46,552 | 99.7min
[2020/3300] "2023 Panini Absolute Football" +15561 | rows=2,175,600 calls=46,552 | 99.7min
[2024/3300] "1996 Select Football" +25 | rows=2,175,630 calls=46,557 | 99.7min
[2027/3300] "1993 Playoff Football" +12 | rows=2,175,655 calls=46,559 | 99.7min
[2034/3300] "2023 Wild Card 7 Card Studs Quarterback Edition Football" +16 | rows=2,175,690 calls=46,567 | 99.7min
[2039/3300] "2022 Leaf Pro Set Metal Football" +19 | rows=2,175,714 calls=46,571 | 99.8min
[2044/3300] "2016 Panini Clear Vision Football" +32 | rows=2,175,761 calls=46,576 | 99.8min
[2049/3300] "2011 Panini Totally Certified Football" +26 | rows=2,175,803 calls=46,581 | 99.8min
[2055/3300] "1998 Leaf Rookies & Stars Football" +27 | rows=2,175,847 calls=46,587 | 99.8min
[2059/3300] "2022 Leaf Flash Football" +12 | rows=2,175,863 calls=46,591 | 99.8min
[2064/3300] "2006 Upper Deck Exquisite Basketball " +18 | rows=2,175,898 calls=46,596 | 99.8min
[2070/3300] "2001 Fleer Marquee Basketball" +22 | rows=2,175,926 calls=46,602 | 99.8min
[2074/3300] "2000 Fleer Game Time Basketball" +10 | rows=2,175,940 calls=46,606 | 99.8min
[2080/3300] "2010 SP Authentic Basketball" +20 | rows=2,175,976 calls=46,612 | 99.8min
[2084/3300] "2022 Panini Player of the Day Basketball" +12 | rows=2,175,989 calls=46,617 | 99.8min
[2089/3300] "2008 Press Pass Basketball" +16 | rows=2,176,015 calls=46,621 | 99.8min
[2094/3300] "2014 SPx Basketball" +19 | rows=2,176,043 calls=46,626 | 99.8min
[2099/3300] "2006 SPx Basketball" +14 | rows=2,176,064 calls=46,631 | 99.8min
[2103/3300] "2001 Upper Deck Playmakers Basketball" +10 | rows=2,176,081 calls=46,636 | 99.8min
[2108/3300] "2005 Upper Deck Trilogy Basketball" +11 | rows=2,176,105 calls=46,640 | 99.8min
[2113/3300] "1987 J. Merchante Stickers Basketball" +14 | rows=2,176,129 calls=46,645 | 99.8min
[2117/3300] "1994 Skybox USA Basketball" +0 | rows=2,176,141 calls=46,649 | 99.8min
[2125/3300] "1997 Score Board Basketball" +17 | rows=2,176,165 calls=46,657 | 99.9min
[2128/3300] "1989 Panini Spanish Sticker Basketball" +12 | rows=2,176,183 calls=46,660 | 99.9min
[2133/3300] "1999 Topps Stars Football" +12 | rows=2,176,219 calls=46,665 | 99.9min
[2138/3300] "2017 Panini Limited Football" +6 | rows=2,176,242 calls=46,670 | 99.9min
[2143/3300] "2019 Panini Plates & Patches Football" +15 | rows=2,176,275 calls=46,675 | 99.9min
[2148/3300] "2019 Leaf Valiant Football" +32 | rows=2,176,343 calls=46,680 | 99.9min
[2153/3300] "2012 Panini Totally Certified Football" +11 | rows=2,176,373 calls=46,685 | 99.9min
[2157/3300] "2015 Panini Spectra Football" +7 | rows=2,176,397 calls=46,690 | 99.9min
[2165/3300] "2007 Topps Performance Football" +13 | rows=2,176,425 calls=46,697 | 99.9min
[2168/3300] "2011 Panini Prestige Football" +7 | rows=2,176,436 calls=46,701 | 99.9min
[2173/3300] "2008 Leaf Rookies & Stars Football " +11 | rows=2,176,464 calls=46,705 | 99.9min
[2178/3300] "2002 Donruss Football" +5 | rows=2,176,472 calls=46,710 | 99.9min
[2183/3300] "1997 Fleer Ultra Football" +9 | rows=2,176,491 calls=46,715 | 99.9min
[2188/3300] "1993 Pro Set Football" +16 | rows=2,176,517 calls=46,720 | 99.9min
[2193/3300] "2006 Donruss Threads Football" +5 | rows=2,176,534 calls=46,726 | 100.0min
[2198/3300] "2024 Leaf Joe Montana Legacy Collection Football" +14 | rows=2,176,561 calls=46,730 | 100.0min
[2207/3300] "2020 Upper Deck Goodwin Champions Football" +5 | rows=2,176,606 calls=46,739 | 100.0min
[2214/3300] "2003 Sage Hit Football" +68 | rows=2,176,645 calls=46,747 | 100.0min
[2215/3300] "2016 Donruss Signature Series Football" +21 | rows=2,176,652 calls=46,747 | 100.0min
[2220/3300] "2009 Panini Playoff Prestige Football" +20 | rows=2,176,679 calls=46,752 | 100.0min
[2225/3300] "2011 Topps Inception Football" +17 | rows=2,176,699 calls=46,757 | 100.0min
[2229/3300] "2006 Playoff Contenders Football" +12 | rows=2,176,716 calls=46,761 | 100.0min
[2238/3300] "2007 Playoff Absolute Memorabilia Football" +17 | rows=2,176,738 calls=46,771 | 100.2min
[2246/3300] "2002 Upper Deck XL Football" +7 | rows=2,176,755 calls=46,778 | 100.2min
[2247/3300] "2002 Pacific Crown Royal Football" +23 | rows=2,176,757 calls=46,780 | 100.2min
[2250/3300] "2003 Leaf Rookies & Stars Football" +12 | rows=2,176,767 calls=46,782 | 100.2min
[2255/3300] "2004 Fleer Greats of the Game Football" +14 | rows=2,176,785 calls=46,787 | 100.3min
[2260/3300] "2004 Upper Deck Diamond Pro Sigs Football" +14 | rows=2,176,801 calls=46,792 | 100.3min
[2265/3300] "2005 Upper Deck Foundations Football" +14 | rows=2,176,816 calls=46,797 | 100.3min
[2270/3300] "2000 Donruss Football" +23 | rows=2,176,839 calls=46,802 | 100.3min
[2275/3300] "2000 Upper Deck Gold Reserve Football" +11 | rows=2,176,852 calls=46,808 | 100.3min
[2279/3300] "2001 Sage Hit Football" +10 | rows=2,176,866 calls=46,812 | 100.3min
[2285/3300] "1997 Upper Deck Football" +13 | rows=2,176,892 calls=46,817 | 100.3min
[2289/3300] "1988 Walter Payton Commemorative Football" +11 | rows=2,176,913 calls=46,823 | 100.3min
[2294/3300] "2001 Fleer Premium Football" +14 | rows=2,176,946 calls=46,827 | 100.3min
[2300/3300] "2014 Panini Immaculate Collection Basketball" +24 | rows=2,176,983 calls=46,832 | 100.3min
[2305/3300] "2006 Upper Deck Exquisite Collection Basketball" +10 | rows=2,176,994 calls=46,837 | 100.3min
[2310/3300] "1887 H804-21 Tobin Lithograph Colors Baseball" +16 | rows=2,177,010 calls=46,842 | 100.3min
[2315/3300] "2007 Topps Letterman Basketball " +9 | rows=2,177,025 calls=46,848 | 100.3min
[2319/3300] "2000 Topps Team USA Basketball" +8 | rows=2,177,039 calls=46,852 | 100.3min
[2325/3300] "2009 Panini Threads Basketball " +25 | rows=2,177,076 calls=46,857 | 100.3min
[2330/3300] "2016 Panini Impeccable Basketball" +16 | rows=2,177,102 calls=46,862 | 100.3min
[2335/3300] "2010 Panini Adrenalyn XL Basketball " +17 | rows=2,177,121 calls=46,867 | 100.3min
[2339/3300] "2008 Topps Tip-Off Basketball" +14 | rows=2,177,139 calls=46,871 | 100.3min
[2346/3300] "2005 Topps Bazooka Basketball" +17 | rows=2,177,162 calls=46,878 | 100.3min
[2350/3300] "2001 Flair Basketball" +15 | rows=2,177,177 calls=46,882 | 100.3min
[2355/3300] "2001 Hoops Hot Prospects Basketball" +10 | rows=2,177,191 calls=46,887 | 100.3min
[2361/3300] "2002 Upper Deck Authentics Basketball" +13 | rows=2,177,207 calls=46,893 | 100.3min
[2365/3300] "2003 Hoops Hot Prospects Basketball" +11 | rows=2,177,218 calls=46,897 | 100.3min
[2371/3300] "2000 Fleer Premium Basketball" +23 | rows=2,177,242 calls=46,903 | 100.3min
[2375/3300] "1997 Collector's Choice Chicago Bulls Team Set Basketball" +10 | rows=2,177,252 calls=46,908 | 100.3min
[2378/3300] "1986 Super Canasta Stickers Spanish Basketball" +1 | rows=2,177,259 calls=46,910 | 100.3min
[2385/3300] "1991 Sports Educational Basketball" +4 | rows=2,177,263 calls=46,917 | 100.4min
[2391/3300] "2002 Fleer Platinum Basketball" +27 | rows=2,177,293 calls=46,924 | 100.4min
[2394/3300] "1993 Topps Gold Basketball" +8 | rows=2,177,301 calls=46,927 | 100.4min
[2400/3300] "1991 Wild Card Basketball " +24 | rows=2,177,334 calls=46,933 | 100.4min
[2405/3300] "1997 SPx Football" +52 | rows=2,177,435 calls=46,937 | 100.4min
[2410/3300] "2003 Fleer Avant Football" +90 | rows=2,177,531 calls=46,942 | 100.4min
[2415/3300] "2020 Panini Obsidian Draft Picks Football" +74 | rows=2,177,623 calls=46,948 | 100.4min
[2419/3300] "2018 Panini Illusions Football" +29 | rows=2,177,667 calls=46,952 | 100.4min
[2425/3300] "2012 Panini Prestige Football" +19 | rows=2,177,721 calls=46,958 | 100.4min
[2429/3300] "2015 Upper Deck Football" +32 | rows=2,177,760 calls=46,962 | 100.4min
[2435/3300] "2011 Topps Prime Football" +17 | rows=2,177,785 calls=46,968 | 100.4min
[2440/3300] "1998 Playoff Absolute Football" +13 | rows=2,177,801 calls=46,972 | 100.4min
[2445/3300] "2017 Panini Playoff Football" +5 | rows=2,177,806 calls=46,977 | 100.4min
[2450/3300] "2012 Upper Deck Football" +13 | rows=2,177,819 calls=46,982 | 100.4min
[2456/3300] "2023 Sage Artistry Football" +20 | rows=2,177,844 calls=46,989 | 100.4min
[2459/3300] "2019 Leaf Metal Draft Football" +21 | rows=2,177,865 calls=46,992 | 100.4min
[2463/3300] "2015 Topps Valor Football" +13 | rows=2,177,887 calls=46,997 | 100.4min
[2467/3300] "2010 Topps Finest Football" +4 | rows=2,177,902 calls=47,004 | 100.6min
[2472/3300] "2011 Topps Supreme Football" +3 | rows=2,177,919 calls=47,012 | 100.7min
[2478/3300] "2014 Topps Turkey Red Football" +8 | rows=2,177,948 calls=47,018 | 100.7min
[2483/3300] "1997 Pinnacle Inside Football " +14 | rows=2,177,981 calls=47,023 | 100.7min
[2488/3300] "1993 Heisman Collection Series Football" +9 | rows=2,178,001 calls=47,028 | 100.7min
[2493/3300] "2023 Bowman Best University Football" +9 | rows=2,178,010 calls=47,033 | 100.7min
[2498/3300] "2023 Topps Royalty Basketball" +4 | rows=2,178,026 calls=47,038 | 100.7min
[2503/3300] "2005 Upper Deck ESPN Basketball" +5 | rows=2,178,035 calls=47,043 | 100.7min
[2508/3300] "2020 Panini Basketball" +3 | rows=2,178,049 calls=47,048 | 100.8min
[2513/3300] "2022 Leaf MultiGraphics Basketball" +3 | rows=2,178,058 calls=47,053 | 100.8min
[2518/3300] "2019 Panini Flawless Collegiate Basketball" +5 | rows=2,178,066 calls=47,058 | 100.8min
[2523/3300] "1988 Basket 16 Basketball " +7 | rows=2,178,077 calls=47,063 | 100.8min
[2528/3300] "2025 Panini Instant WNBA Draft Night Basketball" +3 | rows=2,178,086 calls=47,069 | 100.8min
[2533/3300] "2009 Panini Timeless Treasures Basketball " +8 | rows=2,178,101 calls=47,073 | 100.8min
[2539/3300] "2020 Panini Private Signings Icon Basketball" +11 | rows=2,178,122 calls=47,079 | 100.8min
[2544/3300] "2014 SP Authentic Basketball" +34 | rows=2,178,160 calls=47,084 | 100.8min
[2549/3300] "2007 Topps Luxury Box Basketball" +10 | rows=2,178,175 calls=47,089 | 100.8min
[2555/3300] "2004 Topps Luxury Box Basketball" +9 | rows=2,178,190 calls=47,096 | 100.8min
[2560/3300] "2006 Bowman Basketball" +13 | rows=2,178,205 calls=47,100 | 100.8min
[2565/3300] "2001 Upper Deck Honor Roll Basketball" +3 | rows=2,178,210 calls=47,105 | 100.8min
[2569/3300] "2002 Fleer Showcase Basketball" +8 | rows=2,178,218 calls=47,110 | 100.8min
[2576/3300] "2003 eTopps Basketball" +9 | rows=2,178,233 calls=47,116 | 100.8min
[2580/3300] "1998 Upper Deck MJ Sticker Collection International Basketball" +5 | rows=2,178,238 calls=47,120 | 100.8min
[2585/3300] "2000 Topps Heritage Basketball" +6 | rows=2,178,246 calls=47,125 | 100.8min
[2590/3300] "1996 Scoreboard All Sport PPF Basketball" +16 | rows=2,178,264 calls=47,130 | 100.9min
[2597/3300] "1998 Fleer Vintage '61 Basketball" +13 | rows=2,178,280 calls=47,137 | 100.9min
[2599/3300] "1990 Hoops Action Basketball" +5 | rows=2,178,282 calls=47,139 | 100.9min
[2604/3300] "1992 Topps Gold Basketball" +6 | rows=2,178,288 calls=47,144 | 100.9min
[2609/3300] "1998 UD3 Basketball" +7 | rows=2,178,299 calls=47,150 | 100.9min
[2615/3300] "1995 Upper Deck Jordan Collection Basketball" +6 | rows=2,178,310 calls=47,155 | 100.9min
[2621/3300] "2014 Panini Contenders Football" +63 | rows=2,178,373 calls=47,161 | 100.9min
[2625/3300] "2013 SP Authentic Football" +14 | rows=2,178,387 calls=47,165 | 100.9min
[2629/3300] "1998 UD3 Football" +7 | rows=2,178,394 calls=47,169 | 100.9min
[2634/3300] "2024 Panini Flawless Football" +131 | rows=2,178,529 calls=47,176 | 100.9min
[2638/3300] "2014 SPx Football " +222 | rows=2,178,939 calls=47,182 | 100.9min
[2645/3300] "2018 Panini Luminance Football" +239 | rows=2,179,254 calls=47,189 | 100.9min
[2649/3300] "2016 Panini Contenders Draft Picks Football" +224 | rows=2,179,485 calls=47,194 | 100.9min
[2654/3300] "2017 Panini XR Football" +212 | rows=2,179,701 calls=47,200 | 100.9min
[2660/3300] "2005 Donruss Classics Football" +28 | rows=2,179,897 calls=47,209 | 100.9min
[2662/3300] "2004 Upper Deck Diamond Collection All-Star Lineup Football" +170 | rows=2,180,068 calls=47,211 | 100.9min
[2668/3300] "2000 Pacific Private Stock Football" +4 | rows=2,180,259 calls=47,219 | 100.9min
[2674/3300] "2003 Upper Deck Standing O Football" +4 | rows=2,180,450 calls=47,225 | 100.9min
[2679/3300] "2008 Upper Deck Football" +185 | rows=2,180,642 calls=47,230 | 100.9min
[2684/3300] " 2017 Panini Encased Football" +183 | rows=2,180,826 calls=47,236 | 100.9min
[2689/3300] "2012 Panini Gridiron Football" +165 | rows=2,180,994 calls=47,242 | 100.9min
[2696/3300] "2024 Panini Instant NFL Game Face Football" +168 | rows=2,181,318 calls=47,251 | 101.0min
[2698/3300] "2006 Sage Hit Football" +145 | rows=2,181,463 calls=47,255 | 101.0min
[2704/3300] "2023 Panini Gridiron Greats Football" +162 | rows=2,181,640 calls=47,261 | 101.0min
[2709/3300] "2018 Leaf Trinity Football" +196 | rows=2,181,846 calls=47,267 | 101.0min
[2714/3300] "2015 Topps Diamond Football" +7 | rows=2,182,029 calls=47,274 | 101.0min
[2720/3300] "2009 Donruss Limited Football" +188 | rows=2,182,411 calls=47,281 | 101.0min
[2724/3300] "2009 Topps National Chicle Football" +5 | rows=2,182,607 calls=47,286 | 101.0min
[2728/3300] "2010 Panini Adrenalyn XL Football" +3 | rows=2,182,775 calls=47,291 | 101.0min
[2735/3300] "2011 Panini NFL Sticker Collection Football" +132 | rows=2,182,912 calls=47,300 | 101.0min
[2739/3300] "2014 Panini Certified Football" +184 | rows=2,183,209 calls=47,305 | 101.0min
[2744/3300] "2006 UD Legends Football" +146 | rows=2,183,363 calls=47,311 | 101.0min
[2747/3300] "2023 Panini Black Football" +5078 | rows=2,183,465 calls=47,314 | 101.0min
[2748/3300] "2007 Playoff NFL Playoffs Football" +3 | rows=2,183,468 calls=47,317 | 101.0min
[2755/3300] "2008 Playoff National Treasures Football" +6 | rows=2,183,479 calls=47,322 | 101.0min
[2760/3300] "2008 Upper Deck Rookie Premiere Football" +7 | rows=2,183,487 calls=47,327 | 101.0min
[2765/3300] "2002 Playoff Contenders Football" +3 | rows=2,183,490 calls=47,333 | 101.0min
[2769/3300] "2003 Donruss Elite Football" +0 | rows=2,183,492 calls=47,336 | 101.0min
[2773/3300] "2003 Topps All American Football" +1 | rows=2,183,494 calls=47,340 | 101.0min
[2779/3300] "2004 Bowman's Best Football" +1 | rows=2,183,498 calls=47,347 | 101.0min
[2785/3300] "2004 Leaf Limited Football" +5 | rows=2,183,504 calls=47,352 | 101.0min
[2789/3300] "2004 Upper Deck Power Up Football" +4 | rows=2,183,508 calls=47,357 | 101.0min
[2795/3300] "1999 Pacific Prisms Football" +11 | rows=2,183,522 calls=47,362 | 101.0min
[2799/3300] "2000 Leaf Certified Football" +3 | rows=2,183,525 calls=47,366 | 101.0min
[2806/3300] "2000 Upper Deck Victory Football" +6 | rows=2,183,531 calls=47,374 | 101.1min
[2809/3300] "2001 Playoff Honors Football" +5 | rows=2,183,536 calls=47,377 | 101.1min
[2814/3300] "2001 Upper Deck Ovation Football" +3 | rows=2,183,543 calls=47,381 | 101.1min
[2820/3300] "1996 Classic NFL Rookies Football" +13 | rows=2,183,558 calls=47,387 | 101.1min
[2825/3300] "1996 Playoff Contenders Football" +12 | rows=2,183,574 calls=47,393 | 101.1min
[2828/3300] "1998 Fleer Tradition Football" +3 | rows=2,183,580 calls=47,396 | 101.1min
[2835/3300] "1999 Pacific Crown Royale Football" +10 | rows=2,183,596 calls=47,403 | 101.1min
[2845/3300] "1991  Classic 4 Sport Football" +20 | rows=2,183,616 calls=47,414 | 101.1min
[2847/3300] "1993 Score Select Football" +0 | rows=2,183,616 calls=47,417 | 101.1min
[2852/3300] "1992 Pro Set Power Football" +16 | rows=2,183,624 calls=47,424 | 101.2min
[2858/3300] "2009 Bowman Chrome Football " +3 | rows=2,183,639 calls=47,430 | 101.2min
[2862/3300] "2011 Panini Adrenalyn XL Basketball" +1 | rows=2,183,644 calls=47,436 | 101.2min
[2867/3300] "2010 Panini National Treasures Basketball " +2 | rows=2,183,650 calls=47,441 | 101.3min
[2872/3300] "2015 Topps Heritage Football " +39 | rows=2,183,659 calls=47,447 | 101.3min
[2877/3300] "1992 Courtside Flashback Basketball " +3 | rows=2,183,667 calls=47,453 | 101.4min
[2878/3300] "2017 Panini Instant Basketball" +15 | rows=2,183,670 calls=47,455 | 101.4min
[2882/3300] "2005 SPx Basketball" +1 | rows=2,183,672 calls=47,459 | 101.4min
[2890/3300] "2022 Topps Now Overtime Elite Basketball" +3 | rows=2,183,677 calls=47,472 | 101.7min
[2892/3300] "2021 Panini Dallas Mavericks Basketball" +1 | rows=2,183,680 calls=47,474 | 101.7min
[2898/3300] "2021 Pro Set Power Basketball" +3 | rows=2,183,689 calls=47,480 | 101.7min
[2907/3300] "2000 Fleer Triple Crown Basketball" +0 | rows=2,183,702 calls=47,489 | 101.7min
[2913/3300] "2018 Panini Hoops Mavericks Basketball" +1 | rows=2,183,711 calls=47,495 | 101.7min
[2918/3300] "2015 Panini Elite Basketball" +3 | rows=2,183,717 calls=47,500 | 101.7min
[2923/3300] "2016 Panini Instant NBA Basketball" +2 | rows=2,183,720 calls=47,505 | 101.7min
[2932/3300] "2009 Upper Deck Authentic Basketball" +1 | rows=2,183,728 calls=47,514 | 101.8min
[2933/3300] "2020 Panini Immaculate Collection Collegiate Basketball" +34 | rows=2,183,729 calls=47,515 | 101.8min
[2937/3300] "2014 Panini Noir Basketball" +9 | rows=2,183,733 calls=47,519 | 101.8min
[2938/3300] "2008 Skybox Premium Basketball" +4 | rows=2,183,736 calls=47,520 | 101.8min
[2942/3300] "2005 Topps 1st Edition Basketball" +0 | rows=2,183,737 calls=47,524 | 101.8min
[2947/3300] "2006 Upper Deck Flight Team Basketball" +0 | rows=2,183,744 calls=47,529 | 101.8min
[2953/3300] "2007 Topps Rookie Card Basketball" +0 | rows=2,183,750 calls=47,535 | 101.8min
[2959/3300] "2001 Upper Deck Club Exclusive Basketball" +1 | rows=2,183,755 calls=47,541 | 101.8min
[2964/3300] "2003 UD Playmakers Basketball" +6 | rows=2,183,764 calls=47,547 | 101.8min
[2969/3300] "1998 Topps Roundball Royalty Basketball" +0 | rows=2,183,767 calls=47,551 | 101.8min
[2973/3300] "1999 Upper Deck Star Surge Basketball" +0 | rows=2,183,770 calls=47,555 | 101.8min
[2979/3300] "1995 Signature Rookies Fame & Fortune Multi-Sport" +7 | rows=2,183,782 calls=47,561 | 101.9min
[2984/3300] "1996 E-X2000 Star Date 2000 Basketball" +3 | rows=2,183,788 calls=47,566 | 101.9min
[2989/3300] "1996 Fleer Ultra Rising Stars Basketball" +0 | rows=2,183,788 calls=47,571 | 101.9min
[2993/3300] "1996 Skybox USA Basketball " +0 | rows=2,183,790 calls=47,576 | 101.9min
[2998/3300] "1997 Heroes of the Game Basketball" +4 | rows=2,183,796 calls=47,580 | 101.9min
[3004/3300] "1998 Press Pass Authentics Basketball" +8 | rows=2,183,807 calls=47,586 | 101.9min
[3009/3300] "1987 Entenmann's Bulls Basketball" +4 | rows=2,183,811 calls=47,591 | 101.9min
[3014/3300] "1989 CAO Muflon Basketball" +6 | rows=2,183,818 calls=47,596 | 101.9min
[3019/3300] "1990 Bulls Equal Basketball" +5 | rows=2,183,827 calls=47,601 | 101.9min
[3023/3300] "1992 Sports Journal Shaquille O'Neal Basketball" +4 | rows=2,183,833 calls=47,605 | 101.9min
[3027/3300] "2002 Fleer Ultra Basketball " +2 | rows=2,183,842 calls=47,609 | 101.9min
[3032/3300] "1999 Collector's Edge Rookie Rage Basketball" +3 | rows=2,183,853 calls=47,614 | 101.9min
[3037/3300] "1992 Shaquille O'Neal Promo Basketball" +3 | rows=2,183,862 calls=47,619 | 102.0min
[3042/3300] "1973 Topps ABA Basketball" +0 | rows=2,183,865 calls=47,625 | 102.0min
[3051/3300] "1992 Legends Sports Memorabilia Basketball" +8 | rows=2,183,874 calls=47,633 | 102.0min
[3055/3300] "2025 Panini Authentically Mahomes Football" +2 | rows=2,183,876 calls=47,637 | 102.0min
[3058/3300] "1996 Pro Line Football" +2 | rows=2,183,878 calls=47,641 | 102.0min
[3064/3300] "2007 Leaf Certified Materials Football" +34 | rows=2,183,917 calls=47,647 | 102.0min
[3070/3300] "2009 Topps Mayo Football" +3 | rows=2,183,920 calls=47,654 | 102.0min
[3075/3300] "2022 Leaf Valiant Football" +25 | rows=2,183,947 calls=47,658 | 102.0min
[3080/3300] "2014 Panini Spectra Football" +55 | rows=2,184,003 calls=47,663 | 102.0min
[3085/3300] "2016 Panini Contenders Football" +19 | rows=2,184,048 calls=47,668 | 102.0min
[3090/3300] "2012 Panini Elite Football" +15 | rows=2,184,064 calls=47,673 | 102.0min
[3095/3300] "2016 Leaf Metal Draft Football" +40 | rows=2,184,111 calls=47,678 | 102.0min
[3100/3300] "2011 Topps Five Star Football" +8 | rows=2,184,122 calls=47,685 | 102.1min
[3106/3300] "1998 Collector’s Edge Masters Football" +73 | rows=2,184,196 calls=47,689 | 102.1min
[3110/3300] "2020 Panini Plates & Patches Football" +3 | rows=2,184,199 calls=47,693 | 102.1min
[3115/3300] "2013 Panini Elite Football" +7 | rows=2,184,207 calls=47,698 | 102.1min
[3120/3300] "2024 Leaf Electrum Football" +4 | rows=2,184,212 calls=47,703 | 102.1min
[3125/3300] "2023 Wild Card SP Promo Football" +6 | rows=2,184,219 calls=47,708 | 102.1min
[3129/3300] "2022 Panini NFL Instant Donruss Signature Series Football" +3 | rows=2,184,224 calls=47,715 | 102.1min
[3135/3300] "2023 Leaf Pro Set Pure Football" +4 | rows=2,184,232 calls=47,718 | 102.1min
[3140/3300] "2022 Edward Vela Football" +7 | rows=2,184,288 calls=47,723 | 102.1min
[3145/3300] "2022 Prospector's Edge Football " +7 | rows=2,184,296 calls=47,728 | 102.1min
[3149/3300] "2021 Panini Instant Rated Rookie Retro Football" +9 | rows=2,184,306 calls=47,733 | 102.1min
[3156/3300] "2018 Leaf Metal U.S. Army All-American Bowl Football" +12 | rows=2,184,324 calls=47,739 | 102.1min
[3160/3300] "2019 Panini Elements Football" +5 | rows=2,184,329 calls=47,745 | 102.1min
[3166/3300] "2015 Panini Football" +7 | rows=2,184,337 calls=47,749 | 102.1min
[3169/3300] "2016 Donruss Football" +2 | rows=2,184,339 calls=47,752 | 102.1min
[3175/3300] "2016 Panini Preferred Football" +6 | rows=2,184,348 calls=47,758 | 102.1min
[3180/3300] "2017 Panini Flawless Collegiate Football" +6 | rows=2,184,354 calls=47,763 | 102.1min
[3184/3300] "2010 Topps Unrivaled Football" +4 | rows=2,184,359 calls=47,768 | 102.1min
[3190/3300] "2011 Panini Plates & Patches Football" +9 | rows=2,184,371 calls=47,773 | 102.1min
[3195/3300] "2011 Upper Deck Sweet Spot Football" +6 | rows=2,184,380 calls=47,778 | 102.1min
[3200/3300] "2012 Press Pass Football" +7 | rows=2,184,389 calls=47,783 | 102.1min
[3205/3300] "2013 Panini Black Football" +5 | rows=2,184,395 calls=47,788 | 102.1min
[3210/3300] "2013 Sage Hit Football" +8 | rows=2,184,403 calls=47,793 | 102.1min
[3214/3300] "2014 Flair Showcase Football" +8 | rows=2,184,414 calls=47,798 | 102.1min
[3221/3300] "2014 Topps Fire Football" +11 | rows=2,184,428 calls=47,804 | 102.1min
[3225/3300] "1995 Topps Profiles Football" +5 | rows=2,184,433 calls=47,808 | 102.1min
[3229/3300] "1996 Pinnacle Mint Football" +6 | rows=2,184,442 calls=47,814 | 102.2min
[3234/3300] "1997 Pacific Crown Royale Football" +7 | rows=2,184,451 calls=47,818 | 102.2min
[3239/3300] "1998 Collector's Edge Advantage Football" +8 | rows=2,184,460 calls=47,823 | 102.2min
[3244/3300] "1998 Topps Season Opener Football" +2 | rows=2,184,465 calls=47,828 | 102.2min
[3249/3300] "1999 NFL Player's Party Football" +2 | rows=2,184,470 calls=47,833 | 102.2min
[3255/3300] "1994 College Football Miami Hurricanes Football" +8 | rows=2,184,482 calls=47,838 | 102.2min
[3260/3300] "1991 Wildcard College Draft Picks Football" +3 | rows=2,184,488 calls=47,843 | 102.2min
[3265/3300] "1993 Action Packed All-Madden Football " +6 | rows=2,184,496 calls=47,848 | 102.2min
[3270/3300] "1993 Playoff Contenders Football" +10 | rows=2,184,506 calls=47,856 | 102.2min
[3276/3300] "1990 Asher Candy Stars N Stripes Football" +7 | rows=2,184,515 calls=47,860 | 102.2min
[3280/3300] "1985 Topps Stickers Football" +7 | rows=2,184,522 calls=47,864 | 102.2min
[3285/3300] "1965 Jets Team Issue Football" +9 | rows=2,184,533 calls=47,868 | 102.2min
[3290/3300] "1998 Pacific Football " +9 | rows=2,184,544 calls=47,874 | 102.2min
[3295/3300] "2011 Playoff National Treasures Football" +6 | rows=2,184,552 calls=47,878 | 102.2min
[3299/3300] "2004 Skybox LE Football" +3 | rows=2,184,571 calls=47,882 | 102.2min

[crawl done] stopping=false budgetStop=false rows=2184573 calls=47883
newCards: {"Basketball":946476,"Football":767189,"Other":0,"1585411904721x473563456965993900":289,"1585411882445x892728990000952000":1671,"Baseball":2}
failedSlices: 18
[MV refresh final] start 2026-07-09T23:16:35.878Z
[MV err] no empty local buffer available
distinct cardhedge_id now: 2141340
