
[refresh] Starting batch FMV sync
[refresh] BATCH_SIZE=100 | PACE=650ms | resume offset=0 | prev written=0

(node:402129) Warning: SECURITY WARNING: The SSL modes 'prefer', 'require', and 'verify-ca' are treated as aliases for 'verify-full'.
In the next major version (pg-connection-string v3.0.0 and pg v9.0.0), these modes will adopt standard libpq semantics, which have weaker security guarantees.

To prepare for this change:
- If you want the current behavior, explicitly use 'sslmode=verify-full'
- If you want libpq compatibility now, use 'uselibpqcompat=true&sslmode=require'

See https://www.postgresql.org/docs/current/libpq-ssl.html for libpq SSL mode definitions.
(Use `node --trace-warnings ...` to show where the warning was created)
[refresh] 751,920 cards | 7,520 batches | ~81 min estimated

  [batch 1/7520] 100/751,920 (0.0%) | 35/s | ETA 02:33Z | written:84 err:16
  [batch 10/7520] 1,000/751,920 (0.1%) | 23/s | ETA 05:34Z | written:895 err:105
  [batch 20/7520] 2,000/751,920 (0.3%) | 24/s | ETA 05:20Z | written:1,826 err:174
  [batch 30/7520] 3,000/751,920 (0.4%) | 24/s | ETA 05:24Z | written:2,749 err:251
  [batch 40/7520] 4,000/751,920 (0.5%) | 23/s | ETA 05:29Z | written:3,677 err:323
  [batch 50/7520] 5,000/751,920 (0.7%) | 23/s | ETA 05:29Z | written:4,595 err:405
  [batch 60/7520] 6,000/751,920 (0.8%) | 24/s | ETA 05:26Z | written:5,515 err:485
  [batch 70/7520] 7,000/751,920 (0.9%) | 24/s | ETA 05:18Z | written:6,433 err:567
  [batch 80/7520] 8,000/751,920 (1.1%) | 24/s | ETA 05:15Z | written:7,356 err:644
  [batch 90/7520] 9,000/751,920 (1.2%) | 24/s | ETA 05:08Z | written:8,277 err:723
  [batch 100/7520] 10,000/751,920 (1.3%) | 25/s | ETA 05:01Z | written:9,214 err:786
  [batch 110/7520] 11,000/751,920 (1.5%) | 25/s | ETA 04:55Z | written:10,144 err:856
  [batch 120/7520] 12,000/751,920 (1.6%) | 25/s | ETA 04:50Z | written:11,083 err:917
  [batch 130/7520] 13,000/751,920 (1.7%) | 26/s | ETA 04:45Z | written:12,007 err:993
